2022-12-15 05:58:02.433 INFO  org.hibernate.validator.internal.util.Version     :21   [32m                  [0;39m HV000001: Hibernate Validator 6.1.6.Final
2022-12-15 05:58:02.442 INFO  com.jiawa.wiki.config.WikiApplication             :55   [32m                  [0;39m Starting WikiApplication using Java 1.8.0_341 on MSI with PID 7872 (C:\Project\221107\wiki\target\classes started by 85441 in C:\Project\221107\wiki)
2022-12-15 05:58:02.443 INFO  com.jiawa.wiki.config.WikiApplication             :660  [32m                  [0;39m No active profile set, falling back to default profiles: default
2022-12-15 05:58:02.485 INFO  o.s.b.d.env.DevToolsPropertyDefaultsPostProcessor :255  [32m                  [0;39m Devtools property defaults active! Set 'spring.devtools.add-properties' to 'false' to disable
2022-12-15 05:58:02.485 INFO  o.s.b.d.env.DevToolsPropertyDefaultsPostProcessor :255  [32m                  [0;39m For additional web related logging consider setting the 'logging.level.web' property to 'DEBUG'
2022-12-15 05:58:03.063 INFO  o.s.d.r.config.RepositoryConfigurationDelegate    :250  [32m                  [0;39m Multiple Spring Data modules found, entering strict repository configuration mode!
2022-12-15 05:58:03.065 INFO  o.s.d.r.config.RepositoryConfigurationDelegate    :128  [32m                  [0;39m Bootstrapping Spring Data Redis repositories in DEFAULT mode.
2022-12-15 05:58:03.084 INFO  o.s.d.r.config.RepositoryConfigurationDelegate    :188  [32m                  [0;39m Finished Spring Data repository scanning in 5 ms. Found 0 Redis repository interfaces.
2022-12-15 05:58:03.636 INFO  o.s.boot.web.embedded.tomcat.TomcatWebServer      :108  [32m                  [0;39m Tomcat initialized with port(s): 8880 (http)
2022-12-15 05:58:03.643 INFO  org.apache.coyote.http11.Http11NioProtocol        :173  [32m                  [0;39m Initializing ProtocolHandler ["http-nio-8880"]
2022-12-15 05:58:03.644 INFO  org.apache.catalina.core.StandardService          :173  [32m                  [0;39m Starting service [Tomcat]
2022-12-15 05:58:03.644 INFO  org.apache.catalina.core.StandardEngine           :173  [32m                  [0;39m Starting Servlet engine: [Apache Tomcat/9.0.39]
2022-12-15 05:58:03.689 INFO  o.a.c.core.ContainerBase.[Tomcat].[localhost].[/] :173  [32m                  [0;39m Initializing Spring embedded WebApplicationContext
2022-12-15 05:58:03.690 INFO  o.s.b.w.s.c.ServletWebServerApplicationContext    :289  [32m                  [0;39m Root WebApplicationContext: initialization completed in 1204 ms
2022-12-15 05:58:04.248 INFO  o.s.scheduling.concurrent.ThreadPoolTaskExecutor  :181  [32m                  [0;39m Initializing ExecutorService 'applicationTaskExecutor'
2022-12-15 05:58:04.513 INFO  o.s.b.d.autoconfigure.OptionalLiveReloadServer    :58   [32m                  [0;39m LiveReload server is running on port 35729
2022-12-15 05:58:04.526 INFO  org.apache.coyote.http11.Http11NioProtocol        :173  [32m                  [0;39m Starting ProtocolHandler ["http-nio-8880"]
2022-12-15 05:58:04.538 INFO  o.s.boot.web.embedded.tomcat.TomcatWebServer      :220  [32m                  [0;39m Tomcat started on port(s): 8880 (http) with context path ''
2022-12-15 05:58:04.545 INFO  com.jiawa.wiki.config.WikiApplication             :61   [32m                  [0;39m Started WikiApplication in 2.432 seconds (JVM running for 3.126)
2022-12-15 05:58:04.547 INFO  com.jiawa.wiki.config.WikiApplication             :25   [32m                  [0;39m å¯åŠ¨æˆåŠŸï¼ï¼
2022-12-15 05:58:04.547 INFO  com.jiawa.wiki.config.WikiApplication             :26   [32m                  [0;39m åœ°å€: 	http://127.0.0.1:8880
2022-12-15 05:58:09.719 INFO  o.a.c.core.ContainerBase.[Tomcat].[localhost].[/] :173  [32m                  [0;39m Initializing Spring DispatcherServlet 'dispatcherServlet'
2022-12-15 05:58:09.719 INFO  org.springframework.web.servlet.DispatcherServlet :525  [32m                  [0;39m Initializing Servlet 'dispatcherServlet'
2022-12-15 05:58:09.720 INFO  org.springframework.web.servlet.DispatcherServlet :547  [32m                  [0;39m Completed initialization in 1 ms
2022-12-15 05:58:09.756 INFO  com.jiawa.wiki.aspect.LogAspect                   :52   [32m                  [0;39m ------------- å¼€å§‹ -------------
2022-12-15 05:58:09.757 INFO  com.jiawa.wiki.aspect.LogAspect                   :53   [32m                  [0;39m è¯·æ±‚åœ°å€: http://127.0.0.1:8880/ebook/list GET
2022-12-15 05:58:09.757 INFO  com.jiawa.wiki.aspect.LogAspect                   :54   [32m                  [0;39m ç±»åæ–¹æ³•: com.jiawa.wiki.controller.EbookController.list
2022-12-15 05:58:09.758 INFO  com.jiawa.wiki.aspect.LogAspect                   :55   [32m                  [0;39m è¿œç¨‹åœ°å€: 127.0.0.1
2022-12-15 05:58:09.799 INFO  com.jiawa.wiki.aspect.LogAspect                   :77   [32m                  [0;39m è¯·æ±‚å‚æ•°: [{"page":1,"size":1000}]
2022-12-15 05:58:09.828 INFO  com.zaxxer.hikari.HikariDataSource                :110  [32m                  [0;39m HikariPool-1 - Starting...
2022-12-15 05:58:10.206 INFO  com.zaxxer.hikari.HikariDataSource                :123  [32m                  [0;39m HikariPool-1 - Start completed.
2022-12-15 05:58:10.235 DEBUG c.j.wiki.mapper.EbookMapper.selectByExample_COUNT :137  [32m                  [0;39m ==>  Preparing: SELECT count(0) FROM ebook
2022-12-15 05:58:10.250 DEBUG c.j.wiki.mapper.EbookMapper.selectByExample_COUNT :137  [32m                  [0;39m ==> Parameters: 
2022-12-15 05:58:10.271 TRACE c.j.wiki.mapper.EbookMapper.selectByExample_COUNT :143  [32m                  [0;39m <==    Columns: count(0)
2022-12-15 05:58:10.271 TRACE c.j.wiki.mapper.EbookMapper.selectByExample_COUNT :143  [32m                  [0;39m <==        Row: 4
2022-12-15 05:58:10.272 DEBUG c.j.wiki.mapper.EbookMapper.selectByExample_COUNT :137  [32m                  [0;39m <==      Total: 1
2022-12-15 05:58:10.274 DEBUG com.jiawa.wiki.mapper.EbookMapper.selectByExample :137  [32m                  [0;39m ==>  Preparing: select id, `name`, category1_id, category2_id, description, cover, doc_count, view_count, vote_count from ebook LIMIT ?
2022-12-15 05:58:10.274 DEBUG com.jiawa.wiki.mapper.EbookMapper.selectByExample :137  [32m                  [0;39m ==> Parameters: 1000(Integer)
2022-12-15 05:58:10.288 TRACE com.jiawa.wiki.mapper.EbookMapper.selectByExample :143  [32m                  [0;39m <==    Columns: id, name, category1_id, category2_id, description, cover, doc_count, view_count, vote_count
2022-12-15 05:58:10.289 TRACE com.jiawa.wiki.mapper.EbookMapper.selectByExample :143  [32m                  [0;39m <==        Row: 1, js, 10011, 101, jsæ˜¯ä¸€ç§å…·æœ‰å‡½æ•°ä¼˜å…ˆçš„è½»é‡çº§, null, 5, 6, 7
2022-12-15 05:58:10.289 TRACE com.jiawa.wiki.mapper.EbookMapper.selectByExample :143  [32m                  [0;39m <==        Row: 2, Ts, 200, 202, tsç½‘æ™¯å¯¼èˆªè€…æµè§ˆå™¨ä¸Šé¦–æ¬¡è®¾è®¡å®žçŽ°è€Œæˆ, image/cover2.png, 7, 8, 9
2022-12-15 05:58:10.290 TRACE com.jiawa.wiki.mapper.EbookMapper.selectByExample :143  [32m                  [0;39m <==        Row: 3, c++, 200, 201, C++rumen, image/cover2.png, null, null, null
2022-12-15 05:58:10.290 TRACE com.jiawa.wiki.mapper.EbookMapper.selectByExample :143  [32m                  [0;39m <==        Row: 257502782024716288, 007, 7, 7, null, 007, null, null, null
2022-12-15 05:58:10.290 DEBUG com.jiawa.wiki.mapper.EbookMapper.selectByExample :137  [32m                  [0;39m <==      Total: 4
2022-12-15 05:58:10.292 INFO  com.jiawa.wiki.service.EbookService               :42   [32m                  [0;39m æ€»è¡Œæ•°ï¼š4
2022-12-15 05:58:10.292 INFO  com.jiawa.wiki.service.EbookService               :43   [32m                  [0;39m æ€»é¡µæ•°ï¼š1
2022-12-15 05:58:10.300 INFO  com.jiawa.wiki.aspect.LogAspect                   :89   [32m                  [0;39m è¿”å›žç»“æžœ: {"content":{"list":[{"category1Id":10011,"category2Id":101,"description":"jsæ˜¯ä¸€ç§å…·æœ‰å‡½æ•°ä¼˜å…ˆçš„è½»é‡çº§","docCount":5,"id":1,"name":"js","viewCount":6,"voteCount":7},{"category1Id":200,"category2Id":202,"description":"tsç½‘æ™¯å¯¼èˆªè€…æµè§ˆå™¨ä¸Šé¦–æ¬¡è®¾è®¡å®žçŽ°è€Œæˆ","docCount":7,"id":2,"name":"Ts","viewCount":8,"voteCount":9},{"category1Id":200,"category2Id":201,"description":"C++rumen","id":3,"name":"c++"},{"category1Id":7,"category2Id":7,"id":257502782024716288,"name":"007"}],"total":4},"success":true}
2022-12-15 05:58:10.301 INFO  com.jiawa.wiki.aspect.LogAspect                   :90   [32m                  [0;39m ------------- ç»“æŸ è€—æ—¶ï¼š545 ms -------------
2022-12-15 05:58:11.422 INFO  com.jiawa.wiki.aspect.LogAspect                   :52   [32m                  [0;39m ------------- å¼€å§‹ -------------
2022-12-15 05:58:11.423 INFO  com.jiawa.wiki.aspect.LogAspect                   :53   [32m                  [0;39m è¯·æ±‚åœ°å€: http://127.0.0.1:8880/ebook/list GET
2022-12-15 05:58:11.423 INFO  com.jiawa.wiki.aspect.LogAspect                   :54   [32m                  [0;39m ç±»åæ–¹æ³•: com.jiawa.wiki.controller.EbookController.list
2022-12-15 05:58:11.423 INFO  com.jiawa.wiki.aspect.LogAspect                   :55   [32m                  [0;39m è¿œç¨‹åœ°å€: 127.0.0.1
2022-12-15 05:58:11.423 INFO  com.jiawa.wiki.aspect.LogAspect                   :77   [32m                  [0;39m è¯·æ±‚å‚æ•°: [{"page":1,"size":2}]
2022-12-15 05:58:11.462 DEBUG c.j.wiki.mapper.EbookMapper.selectByExample_COUNT :137  [32m                  [0;39m ==>  Preparing: SELECT count(0) FROM ebook
2022-12-15 05:58:11.462 DEBUG c.j.wiki.mapper.EbookMapper.selectByExample_COUNT :137  [32m                  [0;39m ==> Parameters: 
2022-12-15 05:58:11.474 TRACE c.j.wiki.mapper.EbookMapper.selectByExample_COUNT :143  [32m                  [0;39m <==    Columns: count(0)
2022-12-15 05:58:11.475 TRACE c.j.wiki.mapper.EbookMapper.selectByExample_COUNT :143  [32m                  [0;39m <==        Row: 4
2022-12-15 05:58:11.475 DEBUG c.j.wiki.mapper.EbookMapper.selectByExample_COUNT :137  [32m                  [0;39m <==      Total: 1
2022-12-15 05:58:11.475 DEBUG com.jiawa.wiki.mapper.EbookMapper.selectByExample :137  [32m                  [0;39m ==>  Preparing: select id, `name`, category1_id, category2_id, description, cover, doc_count, view_count, vote_count from ebook LIMIT ?
2022-12-15 05:58:11.476 DEBUG com.jiawa.wiki.mapper.EbookMapper.selectByExample :137  [32m                  [0;39m ==> Parameters: 2(Integer)
2022-12-15 05:58:11.487 TRACE com.jiawa.wiki.mapper.EbookMapper.selectByExample :143  [32m                  [0;39m <==    Columns: id, name, category1_id, category2_id, description, cover, doc_count, view_count, vote_count
2022-12-15 05:58:11.488 TRACE com.jiawa.wiki.mapper.EbookMapper.selectByExample :143  [32m                  [0;39m <==        Row: 1, js, 10011, 101, jsæ˜¯ä¸€ç§å…·æœ‰å‡½æ•°ä¼˜å…ˆçš„è½»é‡çº§, null, 5, 6, 7
2022-12-15 05:58:11.488 TRACE com.jiawa.wiki.mapper.EbookMapper.selectByExample :143  [32m                  [0;39m <==        Row: 2, Ts, 200, 202, tsç½‘æ™¯å¯¼èˆªè€…æµè§ˆå™¨ä¸Šé¦–æ¬¡è®¾è®¡å®žçŽ°è€Œæˆ, image/cover2.png, 7, 8, 9
2022-12-15 05:58:11.489 DEBUG com.jiawa.wiki.mapper.EbookMapper.selectByExample :137  [32m                  [0;39m <==      Total: 2
2022-12-15 05:58:11.489 INFO  com.jiawa.wiki.service.EbookService               :42   [32m                  [0;39m æ€»è¡Œæ•°ï¼š4
2022-12-15 05:58:11.490 INFO  com.jiawa.wiki.service.EbookService               :43   [32m                  [0;39m æ€»é¡µæ•°ï¼š2
2022-12-15 05:58:11.490 INFO  com.jiawa.wiki.aspect.LogAspect                   :89   [32m                  [0;39m è¿”å›žç»“æžœ: {"content":{"list":[{"category1Id":10011,"category2Id":101,"description":"jsæ˜¯ä¸€ç§å…·æœ‰å‡½æ•°ä¼˜å…ˆçš„è½»é‡çº§","docCount":5,"id":1,"name":"js","viewCount":6,"voteCount":7},{"category1Id":200,"category2Id":202,"description":"tsç½‘æ™¯å¯¼èˆªè€…æµè§ˆå™¨ä¸Šé¦–æ¬¡è®¾è®¡å®žçŽ°è€Œæˆ","docCount":7,"id":2,"name":"Ts","viewCount":8,"voteCount":9}],"total":4},"success":true}
2022-12-15 05:58:11.490 INFO  com.jiawa.wiki.aspect.LogAspect                   :90   [32m                  [0;39m ------------- ç»“æŸ è€—æ—¶ï¼š68 ms -------------
2022-12-15 05:58:13.289 INFO  com.jiawa.wiki.aspect.LogAspect                   :52   [32m                  [0;39m ------------- å¼€å§‹ -------------
2022-12-15 05:58:13.290 INFO  com.jiawa.wiki.aspect.LogAspect                   :53   [32m                  [0;39m è¯·æ±‚åœ°å€: http://127.0.0.1:8880/ebook/list GET
2022-12-15 05:58:13.290 INFO  com.jiawa.wiki.aspect.LogAspect                   :54   [32m                  [0;39m ç±»åæ–¹æ³•: com.jiawa.wiki.controller.EbookController.list
2022-12-15 05:58:13.290 INFO  com.jiawa.wiki.aspect.LogAspect                   :55   [32m                  [0;39m è¿œç¨‹åœ°å€: 127.0.0.1
2022-12-15 05:58:13.290 INFO  com.jiawa.wiki.aspect.LogAspect                   :77   [32m                  [0;39m è¯·æ±‚å‚æ•°: [{"page":2,"size":2}]
2022-12-15 05:58:13.324 DEBUG c.j.wiki.mapper.EbookMapper.selectByExample_COUNT :137  [32m                  [0;39m ==>  Preparing: SELECT count(0) FROM ebook
2022-12-15 05:58:13.325 DEBUG c.j.wiki.mapper.EbookMapper.selectByExample_COUNT :137  [32m                  [0;39m ==> Parameters: 
2022-12-15 05:58:13.334 TRACE c.j.wiki.mapper.EbookMapper.selectByExample_COUNT :143  [32m                  [0;39m <==    Columns: count(0)
2022-12-15 05:58:13.336 TRACE c.j.wiki.mapper.EbookMapper.selectByExample_COUNT :143  [32m                  [0;39m <==        Row: 4
2022-12-15 05:58:13.336 DEBUG c.j.wiki.mapper.EbookMapper.selectByExample_COUNT :137  [32m                  [0;39m <==      Total: 1
2022-12-15 05:58:13.337 DEBUG com.jiawa.wiki.mapper.EbookMapper.selectByExample :137  [32m                  [0;39m ==>  Preparing: select id, `name`, category1_id, category2_id, description, cover, doc_count, view_count, vote_count from ebook LIMIT ?, ?
2022-12-15 05:58:13.337 DEBUG com.jiawa.wiki.mapper.EbookMapper.selectByExample :137  [32m                  [0;39m ==> Parameters: 2(Integer), 2(Integer)
2022-12-15 05:58:13.349 TRACE com.jiawa.wiki.mapper.EbookMapper.selectByExample :143  [32m                  [0;39m <==    Columns: id, name, category1_id, category2_id, description, cover, doc_count, view_count, vote_count
2022-12-15 05:58:13.349 TRACE com.jiawa.wiki.mapper.EbookMapper.selectByExample :143  [32m                  [0;39m <==        Row: 3, c++, 200, 201, C++rumen, image/cover2.png, null, null, null
2022-12-15 05:58:13.351 TRACE com.jiawa.wiki.mapper.EbookMapper.selectByExample :143  [32m                  [0;39m <==        Row: 257502782024716288, 007, 7, 7, null, 007, null, null, null
2022-12-15 05:58:13.352 DEBUG com.jiawa.wiki.mapper.EbookMapper.selectByExample :137  [32m                  [0;39m <==      Total: 2
2022-12-15 05:58:13.352 INFO  com.jiawa.wiki.service.EbookService               :42   [32m                  [0;39m æ€»è¡Œæ•°ï¼š4
2022-12-15 05:58:13.352 INFO  com.jiawa.wiki.service.EbookService               :43   [32m                  [0;39m æ€»é¡µæ•°ï¼š2
2022-12-15 05:58:13.352 INFO  com.jiawa.wiki.aspect.LogAspect                   :89   [32m                  [0;39m è¿”å›žç»“æžœ: {"content":{"list":[{"category1Id":200,"category2Id":201,"description":"C++rumen","id":3,"name":"c++"},{"category1Id":7,"category2Id":7,"id":257502782024716288,"name":"007"}],"total":4},"success":true}
2022-12-15 05:58:13.353 INFO  com.jiawa.wiki.aspect.LogAspect                   :90   [32m                  [0;39m ------------- ç»“æŸ è€—æ—¶ï¼š64 ms -------------
2022-12-15 05:58:14.826 INFO  com.jiawa.wiki.aspect.LogAspect                   :52   [32m                  [0;39m ------------- å¼€å§‹ -------------
2022-12-15 05:58:14.827 INFO  com.jiawa.wiki.aspect.LogAspect                   :53   [32m                  [0;39m è¯·æ±‚åœ°å€: http://127.0.0.1:8880/ebook/delete/257502782024716300 DELETE
2022-12-15 05:58:14.827 INFO  com.jiawa.wiki.aspect.LogAspect                   :54   [32m                  [0;39m ç±»åæ–¹æ³•: com.jiawa.wiki.controller.EbookController.delete
2022-12-15 05:58:14.827 INFO  com.jiawa.wiki.aspect.LogAspect                   :55   [32m                  [0;39m è¿œç¨‹åœ°å€: 127.0.0.1
2022-12-15 05:58:14.828 INFO  com.jiawa.wiki.aspect.LogAspect                   :77   [32m                  [0;39m è¯·æ±‚å‚æ•°: [257502782024716300]
2022-12-15 05:58:14.840 DEBUG c.jiawa.wiki.mapper.EbookMapper.deleteByPrimaryKey:137  [32m                  [0;39m ==>  Preparing: delete from ebook where id = ?
2022-12-15 05:58:14.841 DEBUG c.jiawa.wiki.mapper.EbookMapper.deleteByPrimaryKey:137  [32m                  [0;39m ==> Parameters: 257502782024716300(Long)
2022-12-15 05:58:14.876 DEBUG c.jiawa.wiki.mapper.EbookMapper.deleteByPrimaryKey:137  [32m                  [0;39m <==    Updates: 0
2022-12-15 05:58:14.876 INFO  com.jiawa.wiki.aspect.LogAspect                   :89   [32m                  [0;39m è¿”å›žç»“æžœ: {"success":true}
2022-12-15 05:58:14.877 INFO  com.jiawa.wiki.aspect.LogAspect                   :90   [32m                  [0;39m ------------- ç»“æŸ è€—æ—¶ï¼š51 ms -------------
2022-12-15 05:58:14.886 INFO  com.jiawa.wiki.aspect.LogAspect                   :52   [32m                  [0;39m ------------- å¼€å§‹ -------------
2022-12-15 05:58:14.886 INFO  com.jiawa.wiki.aspect.LogAspect                   :53   [32m                  [0;39m è¯·æ±‚åœ°å€: http://127.0.0.1:8880/ebook/list GET
2022-12-15 05:58:14.886 INFO  com.jiawa.wiki.aspect.LogAspect                   :54   [32m                  [0;39m ç±»åæ–¹æ³•: com.jiawa.wiki.controller.EbookController.list
2022-12-15 05:58:14.886 INFO  com.jiawa.wiki.aspect.LogAspect                   :55   [32m                  [0;39m è¿œç¨‹åœ°å€: 127.0.0.1
2022-12-15 05:58:14.887 INFO  com.jiawa.wiki.aspect.LogAspect                   :77   [32m                  [0;39m è¯·æ±‚å‚æ•°: [{"page":2,"size":2}]
2022-12-15 05:58:14.887 DEBUG c.j.wiki.mapper.EbookMapper.selectByExample_COUNT :137  [32m                  [0;39m ==>  Preparing: SELECT count(0) FROM ebook
2022-12-15 05:58:14.889 DEBUG c.j.wiki.mapper.EbookMapper.selectByExample_COUNT :137  [32m                  [0;39m ==> Parameters: 
2022-12-15 05:58:14.900 TRACE c.j.wiki.mapper.EbookMapper.selectByExample_COUNT :143  [32m                  [0;39m <==    Columns: count(0)
2022-12-15 05:58:14.900 TRACE c.j.wiki.mapper.EbookMapper.selectByExample_COUNT :143  [32m                  [0;39m <==        Row: 4
2022-12-15 05:58:14.900 DEBUG c.j.wiki.mapper.EbookMapper.selectByExample_COUNT :137  [32m                  [0;39m <==      Total: 1
2022-12-15 05:58:14.900 DEBUG com.jiawa.wiki.mapper.EbookMapper.selectByExample :137  [32m                  [0;39m ==>  Preparing: select id, `name`, category1_id, category2_id, description, cover, doc_count, view_count, vote_count from ebook LIMIT ?, ?
2022-12-15 05:58:14.900 DEBUG com.jiawa.wiki.mapper.EbookMapper.selectByExample :137  [32m                  [0;39m ==> Parameters: 2(Integer), 2(Integer)
2022-12-15 05:58:14.921 TRACE com.jiawa.wiki.mapper.EbookMapper.selectByExample :143  [32m                  [0;39m <==    Columns: id, name, category1_id, category2_id, description, cover, doc_count, view_count, vote_count
2022-12-15 05:58:14.922 TRACE com.jiawa.wiki.mapper.EbookMapper.selectByExample :143  [32m                  [0;39m <==        Row: 3, c++, 200, 201, C++rumen, image/cover2.png, null, null, null
2022-12-15 05:58:14.922 TRACE com.jiawa.wiki.mapper.EbookMapper.selectByExample :143  [32m                  [0;39m <==        Row: 257502782024716288, 007, 7, 7, null, 007, null, null, null
2022-12-15 05:58:14.923 DEBUG com.jiawa.wiki.mapper.EbookMapper.selectByExample :137  [32m                  [0;39m <==      Total: 2
2022-12-15 05:58:14.923 INFO  com.jiawa.wiki.service.EbookService               :42   [32m                  [0;39m æ€»è¡Œæ•°ï¼š4
2022-12-15 05:58:14.923 INFO  com.jiawa.wiki.service.EbookService               :43   [32m                  [0;39m æ€»é¡µæ•°ï¼š2
2022-12-15 05:58:14.924 INFO  com.jiawa.wiki.aspect.LogAspect                   :89   [32m                  [0;39m è¿”å›žç»“æžœ: {"content":{"list":[{"category1Id":200,"category2Id":201,"description":"C++rumen","id":3,"name":"c++"},{"category1Id":7,"category2Id":7,"id":257502782024716288,"name":"007"}],"total":4},"success":true}
2022-12-15 05:58:14.924 INFO  com.jiawa.wiki.aspect.LogAspect                   :90   [32m                  [0;39m ------------- ç»“æŸ è€—æ—¶ï¼š38 ms -------------
2022-12-15 05:58:22.222 INFO  com.jiawa.wiki.aspect.LogAspect                   :52   [32m                  [0;39m ------------- å¼€å§‹ -------------
2022-12-15 05:58:22.222 INFO  com.jiawa.wiki.aspect.LogAspect                   :53   [32m                  [0;39m è¯·æ±‚åœ°å€: http://127.0.0.1:8880/ebook/delete/257502782024716300 DELETE
2022-12-15 05:58:22.222 INFO  com.jiawa.wiki.aspect.LogAspect                   :54   [32m                  [0;39m ç±»åæ–¹æ³•: com.jiawa.wiki.controller.EbookController.delete
2022-12-15 05:58:22.222 INFO  com.jiawa.wiki.aspect.LogAspect                   :55   [32m                  [0;39m è¿œç¨‹åœ°å€: 127.0.0.1
2022-12-15 05:58:22.222 INFO  com.jiawa.wiki.aspect.LogAspect                   :77   [32m                  [0;39m è¯·æ±‚å‚æ•°: [257502782024716300]
2022-12-15 05:58:22.254 DEBUG c.jiawa.wiki.mapper.EbookMapper.deleteByPrimaryKey:137  [32m                  [0;39m ==>  Preparing: delete from ebook where id = ?
2022-12-15 05:58:22.254 DEBUG c.jiawa.wiki.mapper.EbookMapper.deleteByPrimaryKey:137  [32m                  [0;39m ==> Parameters: 257502782024716300(Long)
2022-12-15 05:58:22.292 DEBUG c.jiawa.wiki.mapper.EbookMapper.deleteByPrimaryKey:137  [32m                  [0;39m <==    Updates: 0
2022-12-15 05:58:22.292 INFO  com.jiawa.wiki.aspect.LogAspect                   :89   [32m                  [0;39m è¿”å›žç»“æžœ: {"success":true}
2022-12-15 05:58:22.292 INFO  com.jiawa.wiki.aspect.LogAspect                   :90   [32m                  [0;39m ------------- ç»“æŸ è€—æ—¶ï¼š70 ms -------------
2022-12-15 05:58:22.301 INFO  com.jiawa.wiki.aspect.LogAspect                   :52   [32m                  [0;39m ------------- å¼€å§‹ -------------
2022-12-15 05:58:22.302 INFO  com.jiawa.wiki.aspect.LogAspect                   :53   [32m                  [0;39m è¯·æ±‚åœ°å€: http://127.0.0.1:8880/ebook/list GET
2022-12-15 05:58:22.302 INFO  com.jiawa.wiki.aspect.LogAspect                   :54   [32m                  [0;39m ç±»åæ–¹æ³•: com.jiawa.wiki.controller.EbookController.list
2022-12-15 05:58:22.302 INFO  com.jiawa.wiki.aspect.LogAspect                   :55   [32m                  [0;39m è¿œç¨‹åœ°å€: 127.0.0.1
2022-12-15 05:58:22.302 INFO  com.jiawa.wiki.aspect.LogAspect                   :77   [32m                  [0;39m è¯·æ±‚å‚æ•°: [{"page":2,"size":2}]
2022-12-15 05:58:22.303 DEBUG c.j.wiki.mapper.EbookMapper.selectByExample_COUNT :137  [32m                  [0;39m ==>  Preparing: SELECT count(0) FROM ebook
2022-12-15 05:58:22.304 DEBUG c.j.wiki.mapper.EbookMapper.selectByExample_COUNT :137  [32m                  [0;39m ==> Parameters: 
2022-12-15 05:58:22.315 TRACE c.j.wiki.mapper.EbookMapper.selectByExample_COUNT :143  [32m                  [0;39m <==    Columns: count(0)
2022-12-15 05:58:22.316 TRACE c.j.wiki.mapper.EbookMapper.selectByExample_COUNT :143  [32m                  [0;39m <==        Row: 4
2022-12-15 05:58:22.316 DEBUG c.j.wiki.mapper.EbookMapper.selectByExample_COUNT :137  [32m                  [0;39m <==      Total: 1
2022-12-15 05:58:22.316 DEBUG com.jiawa.wiki.mapper.EbookMapper.selectByExample :137  [32m                  [0;39m ==>  Preparing: select id, `name`, category1_id, category2_id, description, cover, doc_count, view_count, vote_count from ebook LIMIT ?, ?
2022-12-15 05:58:22.316 DEBUG com.jiawa.wiki.mapper.EbookMapper.selectByExample :137  [32m                  [0;39m ==> Parameters: 2(Integer), 2(Integer)
2022-12-15 05:58:22.342 TRACE com.jiawa.wiki.mapper.EbookMapper.selectByExample :143  [32m                  [0;39m <==    Columns: id, name, category1_id, category2_id, description, cover, doc_count, view_count, vote_count
2022-12-15 05:58:22.342 TRACE com.jiawa.wiki.mapper.EbookMapper.selectByExample :143  [32m                  [0;39m <==        Row: 3, c++, 200, 201, C++rumen, image/cover2.png, null, null, null
2022-12-15 05:58:22.343 TRACE com.jiawa.wiki.mapper.EbookMapper.selectByExample :143  [32m                  [0;39m <==        Row: 257502782024716288, 007, 7, 7, null, 007, null, null, null
2022-12-15 05:58:22.343 DEBUG com.jiawa.wiki.mapper.EbookMapper.selectByExample :137  [32m                  [0;39m <==      Total: 2
2022-12-15 05:58:22.343 INFO  com.jiawa.wiki.service.EbookService               :42   [32m                  [0;39m æ€»è¡Œæ•°ï¼š4
2022-12-15 05:58:22.343 INFO  com.jiawa.wiki.service.EbookService               :43   [32m                  [0;39m æ€»é¡µæ•°ï¼š2
2022-12-15 05:58:22.344 INFO  com.jiawa.wiki.aspect.LogAspect                   :89   [32m                  [0;39m è¿”å›žç»“æžœ: {"content":{"list":[{"category1Id":200,"category2Id":201,"description":"C++rumen","id":3,"name":"c++"},{"category1Id":7,"category2Id":7,"id":257502782024716288,"name":"007"}],"total":4},"success":true}
2022-12-15 05:58:22.344 INFO  com.jiawa.wiki.aspect.LogAspect                   :90   [32m                  [0;39m ------------- ç»“æŸ è€—æ—¶ï¼š43 ms -------------
2022-12-15 05:58:22.837 INFO  com.jiawa.wiki.aspect.LogAspect                   :52   [32m                  [0;39m ------------- å¼€å§‹ -------------
2022-12-15 05:58:22.838 INFO  com.jiawa.wiki.aspect.LogAspect                   :53   [32m                  [0;39m è¯·æ±‚åœ°å€: http://127.0.0.1:8880/ebook/delete/257502782024716300 DELETE
2022-12-15 05:58:22.838 INFO  com.jiawa.wiki.aspect.LogAspect                   :54   [32m                  [0;39m ç±»åæ–¹æ³•: com.jiawa.wiki.controller.EbookController.delete
2022-12-15 05:58:22.838 INFO  com.jiawa.wiki.aspect.LogAspect                   :55   [32m                  [0;39m è¿œç¨‹åœ°å€: 127.0.0.1
2022-12-15 05:58:22.838 INFO  com.jiawa.wiki.aspect.LogAspect                   :77   [32m                  [0;39m è¯·æ±‚å‚æ•°: [257502782024716300]
2022-12-15 05:58:22.838 DEBUG c.jiawa.wiki.mapper.EbookMapper.deleteByPrimaryKey:137  [32m                  [0;39m ==>  Preparing: delete from ebook where id = ?
2022-12-15 05:58:22.839 DEBUG c.jiawa.wiki.mapper.EbookMapper.deleteByPrimaryKey:137  [32m                  [0;39m ==> Parameters: 257502782024716300(Long)
2022-12-15 05:58:22.921 DEBUG c.jiawa.wiki.mapper.EbookMapper.deleteByPrimaryKey:137  [32m                  [0;39m <==    Updates: 0
2022-12-15 05:58:22.921 INFO  com.jiawa.wiki.aspect.LogAspect                   :89   [32m                  [0;39m è¿”å›žç»“æžœ: {"success":true}
2022-12-15 05:58:22.921 INFO  com.jiawa.wiki.aspect.LogAspect                   :90   [32m                  [0;39m ------------- ç»“æŸ è€—æ—¶ï¼š84 ms -------------
2022-12-15 05:58:22.930 INFO  com.jiawa.wiki.aspect.LogAspect                   :52   [32m                  [0;39m ------------- å¼€å§‹ -------------
2022-12-15 05:58:22.930 INFO  com.jiawa.wiki.aspect.LogAspect                   :53   [32m                  [0;39m è¯·æ±‚åœ°å€: http://127.0.0.1:8880/ebook/list GET
2022-12-15 05:58:22.931 INFO  com.jiawa.wiki.aspect.LogAspect                   :54   [32m                  [0;39m ç±»åæ–¹æ³•: com.jiawa.wiki.controller.EbookController.list
2022-12-15 05:58:22.931 INFO  com.jiawa.wiki.aspect.LogAspect                   :55   [32m                  [0;39m è¿œç¨‹åœ°å€: 127.0.0.1
2022-12-15 05:58:22.931 INFO  com.jiawa.wiki.aspect.LogAspect                   :77   [32m                  [0;39m è¯·æ±‚å‚æ•°: [{"page":2,"size":2}]
2022-12-15 05:58:22.932 DEBUG c.j.wiki.mapper.EbookMapper.selectByExample_COUNT :137  [32m                  [0;39m ==>  Preparing: SELECT count(0) FROM ebook
2022-12-15 05:58:22.932 DEBUG c.j.wiki.mapper.EbookMapper.selectByExample_COUNT :137  [32m                  [0;39m ==> Parameters: 
2022-12-15 05:58:22.945 TRACE c.j.wiki.mapper.EbookMapper.selectByExample_COUNT :143  [32m                  [0;39m <==    Columns: count(0)
2022-12-15 05:58:22.945 TRACE c.j.wiki.mapper.EbookMapper.selectByExample_COUNT :143  [32m                  [0;39m <==        Row: 4
2022-12-15 05:58:22.946 DEBUG c.j.wiki.mapper.EbookMapper.selectByExample_COUNT :137  [32m                  [0;39m <==      Total: 1
2022-12-15 05:58:22.946 DEBUG com.jiawa.wiki.mapper.EbookMapper.selectByExample :137  [32m                  [0;39m ==>  Preparing: select id, `name`, category1_id, category2_id, description, cover, doc_count, view_count, vote_count from ebook LIMIT ?, ?
2022-12-15 05:58:22.947 DEBUG com.jiawa.wiki.mapper.EbookMapper.selectByExample :137  [32m                  [0;39m ==> Parameters: 2(Integer), 2(Integer)
2022-12-15 05:58:22.966 TRACE com.jiawa.wiki.mapper.EbookMapper.selectByExample :143  [32m                  [0;39m <==    Columns: id, name, category1_id, category2_id, description, cover, doc_count, view_count, vote_count
2022-12-15 05:58:22.967 TRACE com.jiawa.wiki.mapper.EbookMapper.selectByExample :143  [32m                  [0;39m <==        Row: 3, c++, 200, 201, C++rumen, image/cover2.png, null, null, null
2022-12-15 05:58:22.967 TRACE com.jiawa.wiki.mapper.EbookMapper.selectByExample :143  [32m                  [0;39m <==        Row: 257502782024716288, 007, 7, 7, null, 007, null, null, null
2022-12-15 05:58:22.967 DEBUG com.jiawa.wiki.mapper.EbookMapper.selectByExample :137  [32m                  [0;39m <==      Total: 2
2022-12-15 05:58:22.968 INFO  com.jiawa.wiki.service.EbookService               :42   [32m                  [0;39m æ€»è¡Œæ•°ï¼š4
2022-12-15 05:58:22.968 INFO  com.jiawa.wiki.service.EbookService               :43   [32m                  [0;39m æ€»é¡µæ•°ï¼š2
2022-12-15 05:58:22.968 INFO  com.jiawa.wiki.aspect.LogAspect                   :89   [32m                  [0;39m è¿”å›žç»“æžœ: {"content":{"list":[{"category1Id":200,"category2Id":201,"description":"C++rumen","id":3,"name":"c++"},{"category1Id":7,"category2Id":7,"id":257502782024716288,"name":"007"}],"total":4},"success":true}
2022-12-15 05:58:22.968 INFO  com.jiawa.wiki.aspect.LogAspect                   :90   [32m                  [0;39m ------------- ç»“æŸ è€—æ—¶ï¼š38 ms -------------
2022-12-15 05:58:35.677 INFO  com.jiawa.wiki.aspect.LogAspect                   :52   [32m                  [0;39m ------------- å¼€å§‹ -------------
2022-12-15 05:58:35.678 INFO  com.jiawa.wiki.aspect.LogAspect                   :53   [32m                  [0;39m è¯·æ±‚åœ°å€: http://127.0.0.1:8880/ebook/delete/257502782024716300 DELETE
2022-12-15 05:58:35.678 INFO  com.jiawa.wiki.aspect.LogAspect                   :54   [32m                  [0;39m ç±»åæ–¹æ³•: com.jiawa.wiki.controller.EbookController.delete
2022-12-15 05:58:35.678 INFO  com.jiawa.wiki.aspect.LogAspect                   :55   [32m                  [0;39m è¿œç¨‹åœ°å€: 127.0.0.1
2022-12-15 05:58:35.678 INFO  com.jiawa.wiki.aspect.LogAspect                   :77   [32m                  [0;39m è¯·æ±‚å‚æ•°: [257502782024716300]
2022-12-15 05:58:35.710 DEBUG c.jiawa.wiki.mapper.EbookMapper.deleteByPrimaryKey:137  [32m                  [0;39m ==>  Preparing: delete from ebook where id = ?
2022-12-15 05:58:35.711 DEBUG c.jiawa.wiki.mapper.EbookMapper.deleteByPrimaryKey:137  [32m                  [0;39m ==> Parameters: 257502782024716300(Long)
2022-12-15 05:58:35.743 DEBUG c.jiawa.wiki.mapper.EbookMapper.deleteByPrimaryKey:137  [32m                  [0;39m <==    Updates: 0
2022-12-15 05:58:35.744 INFO  com.jiawa.wiki.aspect.LogAspect                   :89   [32m                  [0;39m è¿”å›žç»“æžœ: {"success":true}
2022-12-15 05:58:35.744 INFO  com.jiawa.wiki.aspect.LogAspect                   :90   [32m                  [0;39m ------------- ç»“æŸ è€—æ—¶ï¼š67 ms -------------
2022-12-15 05:58:35.753 INFO  com.jiawa.wiki.aspect.LogAspect                   :52   [32m                  [0;39m ------------- å¼€å§‹ -------------
2022-12-15 05:58:35.753 INFO  com.jiawa.wiki.aspect.LogAspect                   :53   [32m                  [0;39m è¯·æ±‚åœ°å€: http://127.0.0.1:8880/ebook/list GET
2022-12-15 05:58:35.753 INFO  com.jiawa.wiki.aspect.LogAspect                   :54   [32m                  [0;39m ç±»åæ–¹æ³•: com.jiawa.wiki.controller.EbookController.list
2022-12-15 05:58:35.753 INFO  com.jiawa.wiki.aspect.LogAspect                   :55   [32m                  [0;39m è¿œç¨‹åœ°å€: 127.0.0.1
2022-12-15 05:58:35.754 INFO  com.jiawa.wiki.aspect.LogAspect                   :77   [32m                  [0;39m è¯·æ±‚å‚æ•°: [{"page":2,"size":2}]
2022-12-15 05:58:35.755 DEBUG c.j.wiki.mapper.EbookMapper.selectByExample_COUNT :137  [32m                  [0;39m ==>  Preparing: SELECT count(0) FROM ebook
2022-12-15 05:58:35.756 DEBUG c.j.wiki.mapper.EbookMapper.selectByExample_COUNT :137  [32m                  [0;39m ==> Parameters: 
2022-12-15 05:58:35.777 TRACE c.j.wiki.mapper.EbookMapper.selectByExample_COUNT :143  [32m                  [0;39m <==    Columns: count(0)
2022-12-15 05:58:35.778 TRACE c.j.wiki.mapper.EbookMapper.selectByExample_COUNT :143  [32m                  [0;39m <==        Row: 4
2022-12-15 05:58:35.778 DEBUG c.j.wiki.mapper.EbookMapper.selectByExample_COUNT :137  [32m                  [0;39m <==      Total: 1
2022-12-15 05:58:35.778 DEBUG com.jiawa.wiki.mapper.EbookMapper.selectByExample :137  [32m                  [0;39m ==>  Preparing: select id, `name`, category1_id, category2_id, description, cover, doc_count, view_count, vote_count from ebook LIMIT ?, ?
2022-12-15 05:58:35.779 DEBUG com.jiawa.wiki.mapper.EbookMapper.selectByExample :137  [32m                  [0;39m ==> Parameters: 2(Integer), 2(Integer)
2022-12-15 05:58:35.788 TRACE com.jiawa.wiki.mapper.EbookMapper.selectByExample :143  [32m                  [0;39m <==    Columns: id, name, category1_id, category2_id, description, cover, doc_count, view_count, vote_count
2022-12-15 05:58:35.789 TRACE com.jiawa.wiki.mapper.EbookMapper.selectByExample :143  [32m                  [0;39m <==        Row: 3, c++, 200, 201, C++rumen, image/cover2.png, null, null, null
2022-12-15 05:58:35.789 TRACE com.jiawa.wiki.mapper.EbookMapper.selectByExample :143  [32m                  [0;39m <==        Row: 257502782024716288, 007, 7, 7, null, 007, null, null, null
2022-12-15 05:58:35.790 DEBUG com.jiawa.wiki.mapper.EbookMapper.selectByExample :137  [32m                  [0;39m <==      Total: 2
2022-12-15 05:58:35.791 INFO  com.jiawa.wiki.service.EbookService               :42   [32m                  [0;39m æ€»è¡Œæ•°ï¼š4
2022-12-15 05:58:35.791 INFO  com.jiawa.wiki.service.EbookService               :43   [32m                  [0;39m æ€»é¡µæ•°ï¼š2
2022-12-15 05:58:35.793 INFO  com.jiawa.wiki.aspect.LogAspect                   :89   [32m                  [0;39m è¿”å›žç»“æžœ: {"content":{"list":[{"category1Id":200,"category2Id":201,"description":"C++rumen","id":3,"name":"c++"},{"category1Id":7,"category2Id":7,"id":257502782024716288,"name":"007"}],"total":4},"success":true}
2022-12-15 05:58:35.793 INFO  com.jiawa.wiki.aspect.LogAspect                   :90   [32m                  [0;39m ------------- ç»“æŸ è€—æ—¶ï¼š40 ms -------------
2022-12-15 05:59:10.618 INFO  com.jiawa.wiki.aspect.LogAspect                   :52   [32m                  [0;39m ------------- å¼€å§‹ -------------
2022-12-15 05:59:10.619 INFO  com.jiawa.wiki.aspect.LogAspect                   :53   [32m                  [0;39m è¯·æ±‚åœ°å€: http://127.0.0.1:8880/ebook/list GET
2022-12-15 05:59:10.619 INFO  com.jiawa.wiki.aspect.LogAspect                   :54   [32m                  [0;39m ç±»åæ–¹æ³•: com.jiawa.wiki.controller.EbookController.list
2022-12-15 05:59:10.619 INFO  com.jiawa.wiki.aspect.LogAspect                   :55   [32m                  [0;39m è¿œç¨‹åœ°å€: 127.0.0.1
2022-12-15 05:59:10.619 INFO  com.jiawa.wiki.aspect.LogAspect                   :77   [32m                  [0;39m è¯·æ±‚å‚æ•°: [{"page":1,"size":2}]
2022-12-15 05:59:10.650 DEBUG c.j.wiki.mapper.EbookMapper.selectByExample_COUNT :137  [32m                  [0;39m ==>  Preparing: SELECT count(0) FROM ebook
2022-12-15 05:59:10.650 DEBUG c.j.wiki.mapper.EbookMapper.selectByExample_COUNT :137  [32m                  [0;39m ==> Parameters: 
2022-12-15 05:59:10.661 TRACE c.j.wiki.mapper.EbookMapper.selectByExample_COUNT :143  [32m                  [0;39m <==    Columns: count(0)
2022-12-15 05:59:10.661 TRACE c.j.wiki.mapper.EbookMapper.selectByExample_COUNT :143  [32m                  [0;39m <==        Row: 4
2022-12-15 05:59:10.662 DEBUG c.j.wiki.mapper.EbookMapper.selectByExample_COUNT :137  [32m                  [0;39m <==      Total: 1
2022-12-15 05:59:10.663 DEBUG com.jiawa.wiki.mapper.EbookMapper.selectByExample :137  [32m                  [0;39m ==>  Preparing: select id, `name`, category1_id, category2_id, description, cover, doc_count, view_count, vote_count from ebook LIMIT ?
2022-12-15 05:59:10.663 DEBUG com.jiawa.wiki.mapper.EbookMapper.selectByExample :137  [32m                  [0;39m ==> Parameters: 2(Integer)
2022-12-15 05:59:10.674 TRACE com.jiawa.wiki.mapper.EbookMapper.selectByExample :143  [32m                  [0;39m <==    Columns: id, name, category1_id, category2_id, description, cover, doc_count, view_count, vote_count
2022-12-15 05:59:10.674 TRACE com.jiawa.wiki.mapper.EbookMapper.selectByExample :143  [32m                  [0;39m <==        Row: 1, js, 10011, 101, jsæ˜¯ä¸€ç§å…·æœ‰å‡½æ•°ä¼˜å…ˆçš„è½»é‡çº§, null, 5, 6, 7
2022-12-15 05:59:10.675 TRACE com.jiawa.wiki.mapper.EbookMapper.selectByExample :143  [32m                  [0;39m <==        Row: 2, Ts, 200, 202, tsç½‘æ™¯å¯¼èˆªè€…æµè§ˆå™¨ä¸Šé¦–æ¬¡è®¾è®¡å®žçŽ°è€Œæˆ, image/cover2.png, 7, 8, 9
2022-12-15 05:59:10.675 DEBUG com.jiawa.wiki.mapper.EbookMapper.selectByExample :137  [32m                  [0;39m <==      Total: 2
2022-12-15 05:59:10.675 INFO  com.jiawa.wiki.service.EbookService               :42   [32m                  [0;39m æ€»è¡Œæ•°ï¼š4
2022-12-15 05:59:10.676 INFO  com.jiawa.wiki.service.EbookService               :43   [32m                  [0;39m æ€»é¡µæ•°ï¼š2
2022-12-15 05:59:10.676 INFO  com.jiawa.wiki.aspect.LogAspect                   :89   [32m                  [0;39m è¿”å›žç»“æžœ: {"content":{"list":[{"category1Id":10011,"category2Id":101,"description":"jsæ˜¯ä¸€ç§å…·æœ‰å‡½æ•°ä¼˜å…ˆçš„è½»é‡çº§","docCount":5,"id":1,"name":"js","viewCount":6,"voteCount":7},{"category1Id":200,"category2Id":202,"description":"tsç½‘æ™¯å¯¼èˆªè€…æµè§ˆå™¨ä¸Šé¦–æ¬¡è®¾è®¡å®žçŽ°è€Œæˆ","docCount":7,"id":2,"name":"Ts","viewCount":8,"voteCount":9}],"total":4},"success":true}
2022-12-15 05:59:10.676 INFO  com.jiawa.wiki.aspect.LogAspect                   :90   [32m                  [0;39m ------------- ç»“æŸ è€—æ—¶ï¼š58 ms -------------
2022-12-15 05:59:13.503 INFO  com.jiawa.wiki.aspect.LogAspect                   :52   [32m                  [0;39m ------------- å¼€å§‹ -------------
2022-12-15 05:59:13.503 INFO  com.jiawa.wiki.aspect.LogAspect                   :53   [32m                  [0;39m è¯·æ±‚åœ°å€: http://127.0.0.1:8880/ebook/delete/2 DELETE
2022-12-15 05:59:13.503 INFO  com.jiawa.wiki.aspect.LogAspect                   :54   [32m                  [0;39m ç±»åæ–¹æ³•: com.jiawa.wiki.controller.EbookController.delete
2022-12-15 05:59:13.504 INFO  com.jiawa.wiki.aspect.LogAspect                   :55   [32m                  [0;39m è¿œç¨‹åœ°å€: 127.0.0.1
2022-12-15 05:59:13.504 INFO  com.jiawa.wiki.aspect.LogAspect                   :77   [32m                  [0;39m è¯·æ±‚å‚æ•°: [2]
2022-12-15 05:59:13.518 DEBUG c.jiawa.wiki.mapper.EbookMapper.deleteByPrimaryKey:137  [32m                  [0;39m ==>  Preparing: delete from ebook where id = ?
2022-12-15 05:59:13.518 DEBUG c.jiawa.wiki.mapper.EbookMapper.deleteByPrimaryKey:137  [32m                  [0;39m ==> Parameters: 2(Long)
2022-12-15 05:59:13.562 DEBUG c.jiawa.wiki.mapper.EbookMapper.deleteByPrimaryKey:137  [32m                  [0;39m <==    Updates: 1
2022-12-15 05:59:13.562 INFO  com.jiawa.wiki.aspect.LogAspect                   :89   [32m                  [0;39m è¿”å›žç»“æžœ: {"success":true}
2022-12-15 05:59:13.562 INFO  com.jiawa.wiki.aspect.LogAspect                   :90   [32m                  [0;39m ------------- ç»“æŸ è€—æ—¶ï¼š59 ms -------------
2022-12-15 05:59:13.571 INFO  com.jiawa.wiki.aspect.LogAspect                   :52   [32m                  [0;39m ------------- å¼€å§‹ -------------
2022-12-15 05:59:13.571 INFO  com.jiawa.wiki.aspect.LogAspect                   :53   [32m                  [0;39m è¯·æ±‚åœ°å€: http://127.0.0.1:8880/ebook/list GET
2022-12-15 05:59:13.571 INFO  com.jiawa.wiki.aspect.LogAspect                   :54   [32m                  [0;39m ç±»åæ–¹æ³•: com.jiawa.wiki.controller.EbookController.list
2022-12-15 05:59:13.572 INFO  com.jiawa.wiki.aspect.LogAspect                   :55   [32m                  [0;39m è¿œç¨‹åœ°å€: 127.0.0.1
2022-12-15 05:59:13.572 INFO  com.jiawa.wiki.aspect.LogAspect                   :77   [32m                  [0;39m è¯·æ±‚å‚æ•°: [{"page":1,"size":2}]
2022-12-15 05:59:13.573 DEBUG c.j.wiki.mapper.EbookMapper.selectByExample_COUNT :137  [32m                  [0;39m ==>  Preparing: SELECT count(0) FROM ebook
2022-12-15 05:59:13.573 DEBUG c.j.wiki.mapper.EbookMapper.selectByExample_COUNT :137  [32m                  [0;39m ==> Parameters: 
2022-12-15 05:59:13.584 TRACE c.j.wiki.mapper.EbookMapper.selectByExample_COUNT :143  [32m                  [0;39m <==    Columns: count(0)
2022-12-15 05:59:13.584 TRACE c.j.wiki.mapper.EbookMapper.selectByExample_COUNT :143  [32m                  [0;39m <==        Row: 3
2022-12-15 05:59:13.585 DEBUG c.j.wiki.mapper.EbookMapper.selectByExample_COUNT :137  [32m                  [0;39m <==      Total: 1
2022-12-15 05:59:13.585 DEBUG com.jiawa.wiki.mapper.EbookMapper.selectByExample :137  [32m                  [0;39m ==>  Preparing: select id, `name`, category1_id, category2_id, description, cover, doc_count, view_count, vote_count from ebook LIMIT ?
2022-12-15 05:59:13.585 DEBUG com.jiawa.wiki.mapper.EbookMapper.selectByExample :137  [32m                  [0;39m ==> Parameters: 2(Integer)
2022-12-15 05:59:13.598 TRACE com.jiawa.wiki.mapper.EbookMapper.selectByExample :143  [32m                  [0;39m <==    Columns: id, name, category1_id, category2_id, description, cover, doc_count, view_count, vote_count
2022-12-15 05:59:13.598 TRACE com.jiawa.wiki.mapper.EbookMapper.selectByExample :143  [32m                  [0;39m <==        Row: 1, js, 10011, 101, jsæ˜¯ä¸€ç§å…·æœ‰å‡½æ•°ä¼˜å…ˆçš„è½»é‡çº§, null, 5, 6, 7
2022-12-15 05:59:13.598 TRACE com.jiawa.wiki.mapper.EbookMapper.selectByExample :143  [32m                  [0;39m <==        Row: 3, c++, 200, 201, C++rumen, image/cover2.png, null, null, null
2022-12-15 05:59:13.599 DEBUG com.jiawa.wiki.mapper.EbookMapper.selectByExample :137  [32m                  [0;39m <==      Total: 2
2022-12-15 05:59:13.599 INFO  com.jiawa.wiki.service.EbookService               :42   [32m                  [0;39m æ€»è¡Œæ•°ï¼š3
2022-12-15 05:59:13.599 INFO  com.jiawa.wiki.service.EbookService               :43   [32m                  [0;39m æ€»é¡µæ•°ï¼š2
2022-12-15 05:59:13.600 INFO  com.jiawa.wiki.aspect.LogAspect                   :89   [32m                  [0;39m è¿”å›žç»“æžœ: {"content":{"list":[{"category1Id":10011,"category2Id":101,"description":"jsæ˜¯ä¸€ç§å…·æœ‰å‡½æ•°ä¼˜å…ˆçš„è½»é‡çº§","docCount":5,"id":1,"name":"js","viewCount":6,"voteCount":7},{"category1Id":200,"category2Id":201,"description":"C++rumen","id":3,"name":"c++"}],"total":3},"success":true}
2022-12-15 05:59:13.600 INFO  com.jiawa.wiki.aspect.LogAspect                   :90   [32m                  [0;39m ------------- ç»“æŸ è€—æ—¶ï¼š29 ms -------------
2022-12-15 05:59:17.331 INFO  com.jiawa.wiki.aspect.LogAspect                   :52   [32m                  [0;39m ------------- å¼€å§‹ -------------
2022-12-15 05:59:17.331 INFO  com.jiawa.wiki.aspect.LogAspect                   :53   [32m                  [0;39m è¯·æ±‚åœ°å€: http://127.0.0.1:8880/ebook/list GET
2022-12-15 05:59:17.332 INFO  com.jiawa.wiki.aspect.LogAspect                   :54   [32m                  [0;39m ç±»åæ–¹æ³•: com.jiawa.wiki.controller.EbookController.list
2022-12-15 05:59:17.332 INFO  com.jiawa.wiki.aspect.LogAspect                   :55   [32m                  [0;39m è¿œç¨‹åœ°å€: 127.0.0.1
2022-12-15 05:59:17.332 INFO  com.jiawa.wiki.aspect.LogAspect                   :77   [32m                  [0;39m è¯·æ±‚å‚æ•°: [{"page":2,"size":2}]
2022-12-15 05:59:17.360 DEBUG c.j.wiki.mapper.EbookMapper.selectByExample_COUNT :137  [32m                  [0;39m ==>  Preparing: SELECT count(0) FROM ebook
2022-12-15 05:59:17.361 DEBUG c.j.wiki.mapper.EbookMapper.selectByExample_COUNT :137  [32m                  [0;39m ==> Parameters: 
2022-12-15 05:59:17.373 TRACE c.j.wiki.mapper.EbookMapper.selectByExample_COUNT :143  [32m                  [0;39m <==    Columns: count(0)
2022-12-15 05:59:17.373 TRACE c.j.wiki.mapper.EbookMapper.selectByExample_COUNT :143  [32m                  [0;39m <==        Row: 3
2022-12-15 05:59:17.373 DEBUG c.j.wiki.mapper.EbookMapper.selectByExample_COUNT :137  [32m                  [0;39m <==      Total: 1
2022-12-15 05:59:17.374 DEBUG com.jiawa.wiki.mapper.EbookMapper.selectByExample :137  [32m                  [0;39m ==>  Preparing: select id, `name`, category1_id, category2_id, description, cover, doc_count, view_count, vote_count from ebook LIMIT ?, ?
2022-12-15 05:59:17.374 DEBUG com.jiawa.wiki.mapper.EbookMapper.selectByExample :137  [32m                  [0;39m ==> Parameters: 2(Integer), 2(Integer)
2022-12-15 05:59:17.396 TRACE com.jiawa.wiki.mapper.EbookMapper.selectByExample :143  [32m                  [0;39m <==    Columns: id, name, category1_id, category2_id, description, cover, doc_count, view_count, vote_count
2022-12-15 05:59:17.397 TRACE com.jiawa.wiki.mapper.EbookMapper.selectByExample :143  [32m                  [0;39m <==        Row: 257502782024716288, 007, 7, 7, null, 007, null, null, null
2022-12-15 05:59:17.397 DEBUG com.jiawa.wiki.mapper.EbookMapper.selectByExample :137  [32m                  [0;39m <==      Total: 1
2022-12-15 05:59:17.398 INFO  com.jiawa.wiki.service.EbookService               :42   [32m                  [0;39m æ€»è¡Œæ•°ï¼š3
2022-12-15 05:59:17.398 INFO  com.jiawa.wiki.service.EbookService               :43   [32m                  [0;39m æ€»é¡µæ•°ï¼š2
2022-12-15 05:59:17.398 INFO  com.jiawa.wiki.aspect.LogAspect                   :89   [32m                  [0;39m è¿”å›žç»“æžœ: {"content":{"list":[{"category1Id":7,"category2Id":7,"id":257502782024716288,"name":"007"}],"total":3},"success":true}
2022-12-15 05:59:17.398 INFO  com.jiawa.wiki.aspect.LogAspect                   :90   [32m                  [0;39m ------------- ç»“æŸ è€—æ—¶ï¼š67 ms -------------
2022-12-15 05:59:18.824 INFO  com.jiawa.wiki.aspect.LogAspect                   :52   [32m                  [0;39m ------------- å¼€å§‹ -------------
2022-12-15 05:59:18.825 INFO  com.jiawa.wiki.aspect.LogAspect                   :53   [32m                  [0;39m è¯·æ±‚åœ°å€: http://127.0.0.1:8880/ebook/list GET
2022-12-15 05:59:18.825 INFO  com.jiawa.wiki.aspect.LogAspect                   :54   [32m                  [0;39m ç±»åæ–¹æ³•: com.jiawa.wiki.controller.EbookController.list
2022-12-15 05:59:18.825 INFO  com.jiawa.wiki.aspect.LogAspect                   :55   [32m                  [0;39m è¿œç¨‹åœ°å€: 127.0.0.1
2022-12-15 05:59:18.825 INFO  com.jiawa.wiki.aspect.LogAspect                   :77   [32m                  [0;39m è¯·æ±‚å‚æ•°: [{"page":1,"size":2}]
2022-12-15 05:59:18.850 DEBUG c.j.wiki.mapper.EbookMapper.selectByExample_COUNT :137  [32m                  [0;39m ==>  Preparing: SELECT count(0) FROM ebook
2022-12-15 05:59:18.850 DEBUG c.j.wiki.mapper.EbookMapper.selectByExample_COUNT :137  [32m                  [0;39m ==> Parameters: 
2022-12-15 05:59:18.862 TRACE c.j.wiki.mapper.EbookMapper.selectByExample_COUNT :143  [32m                  [0;39m <==    Columns: count(0)
2022-12-15 05:59:18.862 TRACE c.j.wiki.mapper.EbookMapper.selectByExample_COUNT :143  [32m                  [0;39m <==        Row: 3
2022-12-15 05:59:18.862 DEBUG c.j.wiki.mapper.EbookMapper.selectByExample_COUNT :137  [32m                  [0;39m <==      Total: 1
2022-12-15 05:59:18.863 DEBUG com.jiawa.wiki.mapper.EbookMapper.selectByExample :137  [32m                  [0;39m ==>  Preparing: select id, `name`, category1_id, category2_id, description, cover, doc_count, view_count, vote_count from ebook LIMIT ?
2022-12-15 05:59:18.863 DEBUG com.jiawa.wiki.mapper.EbookMapper.selectByExample :137  [32m                  [0;39m ==> Parameters: 2(Integer)
2022-12-15 05:59:18.874 TRACE com.jiawa.wiki.mapper.EbookMapper.selectByExample :143  [32m                  [0;39m <==    Columns: id, name, category1_id, category2_id, description, cover, doc_count, view_count, vote_count
2022-12-15 05:59:18.874 TRACE com.jiawa.wiki.mapper.EbookMapper.selectByExample :143  [32m                  [0;39m <==        Row: 1, js, 10011, 101, jsæ˜¯ä¸€ç§å…·æœ‰å‡½æ•°ä¼˜å…ˆçš„è½»é‡çº§, null, 5, 6, 7
2022-12-15 05:59:18.875 TRACE com.jiawa.wiki.mapper.EbookMapper.selectByExample :143  [32m                  [0;39m <==        Row: 3, c++, 200, 201, C++rumen, image/cover2.png, null, null, null
2022-12-15 05:59:18.875 DEBUG com.jiawa.wiki.mapper.EbookMapper.selectByExample :137  [32m                  [0;39m <==      Total: 2
2022-12-15 05:59:18.875 INFO  com.jiawa.wiki.service.EbookService               :42   [32m                  [0;39m æ€»è¡Œæ•°ï¼š3
2022-12-15 05:59:18.876 INFO  com.jiawa.wiki.service.EbookService               :43   [32m                  [0;39m æ€»é¡µæ•°ï¼š2
2022-12-15 05:59:18.876 INFO  com.jiawa.wiki.aspect.LogAspect                   :89   [32m                  [0;39m è¿”å›žç»“æžœ: {"content":{"list":[{"category1Id":10011,"category2Id":101,"description":"jsæ˜¯ä¸€ç§å…·æœ‰å‡½æ•°ä¼˜å…ˆçš„è½»é‡çº§","docCount":5,"id":1,"name":"js","viewCount":6,"voteCount":7},{"category1Id":200,"category2Id":201,"description":"C++rumen","id":3,"name":"c++"}],"total":3},"success":true}
2022-12-15 05:59:18.876 INFO  com.jiawa.wiki.aspect.LogAspect                   :90   [32m                  [0;39m ------------- ç»“æŸ è€—æ—¶ï¼š52 ms -------------
2022-12-15 05:59:22.842 INFO  com.jiawa.wiki.aspect.LogAspect                   :52   [32m                  [0;39m ------------- å¼€å§‹ -------------
2022-12-15 05:59:22.843 INFO  com.jiawa.wiki.aspect.LogAspect                   :53   [32m                  [0;39m è¯·æ±‚åœ°å€: http://127.0.0.1:8880/ebook/list GET
2022-12-15 05:59:22.843 INFO  com.jiawa.wiki.aspect.LogAspect                   :54   [32m                  [0;39m ç±»åæ–¹æ³•: com.jiawa.wiki.controller.EbookController.list
2022-12-15 05:59:22.843 INFO  com.jiawa.wiki.aspect.LogAspect                   :55   [32m                  [0;39m è¿œç¨‹åœ°å€: 127.0.0.1
2022-12-15 05:59:22.843 INFO  com.jiawa.wiki.aspect.LogAspect                   :77   [32m                  [0;39m è¯·æ±‚å‚æ•°: [{"page":2,"size":2}]
2022-12-15 05:59:22.870 DEBUG c.j.wiki.mapper.EbookMapper.selectByExample_COUNT :137  [32m                  [0;39m ==>  Preparing: SELECT count(0) FROM ebook
2022-12-15 05:59:22.871 DEBUG c.j.wiki.mapper.EbookMapper.selectByExample_COUNT :137  [32m                  [0;39m ==> Parameters: 
2022-12-15 05:59:22.888 TRACE c.j.wiki.mapper.EbookMapper.selectByExample_COUNT :143  [32m                  [0;39m <==    Columns: count(0)
2022-12-15 05:59:22.888 TRACE c.j.wiki.mapper.EbookMapper.selectByExample_COUNT :143  [32m                  [0;39m <==        Row: 3
2022-12-15 05:59:22.888 DEBUG c.j.wiki.mapper.EbookMapper.selectByExample_COUNT :137  [32m                  [0;39m <==      Total: 1
2022-12-15 05:59:22.889 DEBUG com.jiawa.wiki.mapper.EbookMapper.selectByExample :137  [32m                  [0;39m ==>  Preparing: select id, `name`, category1_id, category2_id, description, cover, doc_count, view_count, vote_count from ebook LIMIT ?, ?
2022-12-15 05:59:22.889 DEBUG com.jiawa.wiki.mapper.EbookMapper.selectByExample :137  [32m                  [0;39m ==> Parameters: 2(Integer), 2(Integer)
2022-12-15 05:59:22.901 TRACE com.jiawa.wiki.mapper.EbookMapper.selectByExample :143  [32m                  [0;39m <==    Columns: id, name, category1_id, category2_id, description, cover, doc_count, view_count, vote_count
2022-12-15 05:59:22.902 TRACE com.jiawa.wiki.mapper.EbookMapper.selectByExample :143  [32m                  [0;39m <==        Row: 257502782024716288, 007, 7, 7, null, 007, null, null, null
2022-12-15 05:59:22.902 DEBUG com.jiawa.wiki.mapper.EbookMapper.selectByExample :137  [32m                  [0;39m <==      Total: 1
2022-12-15 05:59:22.902 INFO  com.jiawa.wiki.service.EbookService               :42   [32m                  [0;39m æ€»è¡Œæ•°ï¼š3
2022-12-15 05:59:22.902 INFO  com.jiawa.wiki.service.EbookService               :43   [32m                  [0;39m æ€»é¡µæ•°ï¼š2
2022-12-15 05:59:22.903 INFO  com.jiawa.wiki.aspect.LogAspect                   :89   [32m                  [0;39m è¿”å›žç»“æžœ: {"content":{"list":[{"category1Id":7,"category2Id":7,"id":257502782024716288,"name":"007"}],"total":3},"success":true}
2022-12-15 05:59:22.903 INFO  com.jiawa.wiki.aspect.LogAspect                   :90   [32m                  [0;39m ------------- ç»“æŸ è€—æ—¶ï¼š61 ms -------------
2022-12-15 05:59:34.472 INFO  com.jiawa.wiki.aspect.LogAspect                   :52   [32m                  [0;39m ------------- å¼€å§‹ -------------
2022-12-15 05:59:34.473 INFO  com.jiawa.wiki.aspect.LogAspect                   :53   [32m                  [0;39m è¯·æ±‚åœ°å€: http://127.0.0.1:8880/ebook/save POST
2022-12-15 05:59:34.473 INFO  com.jiawa.wiki.aspect.LogAspect                   :54   [32m                  [0;39m ç±»åæ–¹æ³•: com.jiawa.wiki.controller.EbookController.save
2022-12-15 05:59:34.473 INFO  com.jiawa.wiki.aspect.LogAspect                   :55   [32m                  [0;39m è¿œç¨‹åœ°å€: 127.0.0.1
2022-12-15 05:59:34.476 INFO  com.jiawa.wiki.aspect.LogAspect                   :77   [32m                  [0;39m è¯·æ±‚å‚æ•°: [{"category1Id":33,"category2Id":44,"cover":"11","name":"22"}]
2022-12-15 05:59:34.500 DEBUG com.jiawa.wiki.mapper.EbookMapper.insert          :137  [32m                  [0;39m ==>  Preparing: insert into ebook (id, `name`, category1_id, category2_id, description, cover, doc_count, view_count, vote_count ) values (?, ?, ?, ?, ?, ?, ?, ?, ? )
2022-12-15 05:59:34.501 DEBUG com.jiawa.wiki.mapper.EbookMapper.insert          :137  [32m                  [0;39m ==> Parameters: 258352242137108480(Long), 22(String), 33(Long), 44(Long), null, 11(String), null, null, null
2022-12-15 05:59:34.550 DEBUG com.jiawa.wiki.mapper.EbookMapper.insert          :137  [32m                  [0;39m <==    Updates: 1
2022-12-15 05:59:34.551 INFO  com.jiawa.wiki.aspect.LogAspect                   :89   [32m                  [0;39m è¿”å›žç»“æžœ: {"success":true}
2022-12-15 05:59:34.551 INFO  com.jiawa.wiki.aspect.LogAspect                   :90   [32m                  [0;39m ------------- ç»“æŸ è€—æ—¶ï¼š79 ms -------------
2022-12-15 05:59:34.563 INFO  com.jiawa.wiki.aspect.LogAspect                   :52   [32m                  [0;39m ------------- å¼€å§‹ -------------
2022-12-15 05:59:34.563 INFO  com.jiawa.wiki.aspect.LogAspect                   :53   [32m                  [0;39m è¯·æ±‚åœ°å€: http://127.0.0.1:8880/ebook/list GET
2022-12-15 05:59:34.563 INFO  com.jiawa.wiki.aspect.LogAspect                   :54   [32m                  [0;39m ç±»åæ–¹æ³•: com.jiawa.wiki.controller.EbookController.list
2022-12-15 05:59:34.563 INFO  com.jiawa.wiki.aspect.LogAspect                   :55   [32m                  [0;39m è¿œç¨‹åœ°å€: 127.0.0.1
2022-12-15 05:59:34.563 INFO  com.jiawa.wiki.aspect.LogAspect                   :77   [32m                  [0;39m è¯·æ±‚å‚æ•°: [{"page":2,"size":2}]
2022-12-15 05:59:34.564 DEBUG c.j.wiki.mapper.EbookMapper.selectByExample_COUNT :137  [32m                  [0;39m ==>  Preparing: SELECT count(0) FROM ebook
2022-12-15 05:59:34.565 DEBUG c.j.wiki.mapper.EbookMapper.selectByExample_COUNT :137  [32m                  [0;39m ==> Parameters: 
2022-12-15 05:59:34.578 TRACE c.j.wiki.mapper.EbookMapper.selectByExample_COUNT :143  [32m                  [0;39m <==    Columns: count(0)
2022-12-15 05:59:34.578 TRACE c.j.wiki.mapper.EbookMapper.selectByExample_COUNT :143  [32m                  [0;39m <==        Row: 4
2022-12-15 05:59:34.578 DEBUG c.j.wiki.mapper.EbookMapper.selectByExample_COUNT :137  [32m                  [0;39m <==      Total: 1
2022-12-15 05:59:34.579 DEBUG com.jiawa.wiki.mapper.EbookMapper.selectByExample :137  [32m                  [0;39m ==>  Preparing: select id, `name`, category1_id, category2_id, description, cover, doc_count, view_count, vote_count from ebook LIMIT ?, ?
2022-12-15 05:59:34.579 DEBUG com.jiawa.wiki.mapper.EbookMapper.selectByExample :137  [32m                  [0;39m ==> Parameters: 2(Integer), 2(Integer)
2022-12-15 05:59:34.590 TRACE com.jiawa.wiki.mapper.EbookMapper.selectByExample :143  [32m                  [0;39m <==    Columns: id, name, category1_id, category2_id, description, cover, doc_count, view_count, vote_count
2022-12-15 05:59:34.590 TRACE com.jiawa.wiki.mapper.EbookMapper.selectByExample :143  [32m                  [0;39m <==        Row: 257502782024716288, 007, 7, 7, null, 007, null, null, null
2022-12-15 05:59:34.590 TRACE com.jiawa.wiki.mapper.EbookMapper.selectByExample :143  [32m                  [0;39m <==        Row: 258352242137108480, 22, 33, 44, null, 11, null, null, null
2022-12-15 05:59:34.591 DEBUG com.jiawa.wiki.mapper.EbookMapper.selectByExample :137  [32m                  [0;39m <==      Total: 2
2022-12-15 05:59:34.591 INFO  com.jiawa.wiki.service.EbookService               :42   [32m                  [0;39m æ€»è¡Œæ•°ï¼š4
2022-12-15 05:59:34.591 INFO  com.jiawa.wiki.service.EbookService               :43   [32m                  [0;39m æ€»é¡µæ•°ï¼š2
2022-12-15 05:59:34.591 INFO  com.jiawa.wiki.aspect.LogAspect                   :89   [32m                  [0;39m è¿”å›žç»“æžœ: {"content":{"list":[{"category1Id":7,"category2Id":7,"id":257502782024716288,"name":"007"},{"category1Id":33,"category2Id":44,"id":258352242137108480,"name":"22"}],"total":4},"success":true}
2022-12-15 05:59:34.591 INFO  com.jiawa.wiki.aspect.LogAspect                   :90   [32m                  [0;39m ------------- ç»“æŸ è€—æ—¶ï¼š28 ms -------------
2022-12-15 05:59:40.288 INFO  com.jiawa.wiki.aspect.LogAspect                   :52   [32m                  [0;39m ------------- å¼€å§‹ -------------
2022-12-15 05:59:40.288 INFO  com.jiawa.wiki.aspect.LogAspect                   :53   [32m                  [0;39m è¯·æ±‚åœ°å€: http://127.0.0.1:8880/ebook/delete/258352242137108480 DELETE
2022-12-15 05:59:40.288 INFO  com.jiawa.wiki.aspect.LogAspect                   :54   [32m                  [0;39m ç±»åæ–¹æ³•: com.jiawa.wiki.controller.EbookController.delete
2022-12-15 05:59:40.288 INFO  com.jiawa.wiki.aspect.LogAspect                   :55   [32m                  [0;39m è¿œç¨‹åœ°å€: 127.0.0.1
2022-12-15 05:59:40.288 INFO  com.jiawa.wiki.aspect.LogAspect                   :77   [32m                  [0;39m è¯·æ±‚å‚æ•°: [258352242137108480]
2022-12-15 05:59:40.320 DEBUG c.jiawa.wiki.mapper.EbookMapper.deleteByPrimaryKey:137  [32m                  [0;39m ==>  Preparing: delete from ebook where id = ?
2022-12-15 05:59:40.321 DEBUG c.jiawa.wiki.mapper.EbookMapper.deleteByPrimaryKey:137  [32m                  [0;39m ==> Parameters: 258352242137108480(Long)
2022-12-15 05:59:40.361 DEBUG c.jiawa.wiki.mapper.EbookMapper.deleteByPrimaryKey:137  [32m                  [0;39m <==    Updates: 1
2022-12-15 05:59:40.362 INFO  com.jiawa.wiki.aspect.LogAspect                   :89   [32m                  [0;39m è¿”å›žç»“æžœ: {"success":true}
2022-12-15 05:59:40.362 INFO  com.jiawa.wiki.aspect.LogAspect                   :90   [32m                  [0;39m ------------- ç»“æŸ è€—æ—¶ï¼š75 ms -------------
2022-12-15 05:59:40.370 INFO  com.jiawa.wiki.aspect.LogAspect                   :52   [32m                  [0;39m ------------- å¼€å§‹ -------------
2022-12-15 05:59:40.370 INFO  com.jiawa.wiki.aspect.LogAspect                   :53   [32m                  [0;39m è¯·æ±‚åœ°å€: http://127.0.0.1:8880/ebook/list GET
2022-12-15 05:59:40.370 INFO  com.jiawa.wiki.aspect.LogAspect                   :54   [32m                  [0;39m ç±»åæ–¹æ³•: com.jiawa.wiki.controller.EbookController.list
2022-12-15 05:59:40.370 INFO  com.jiawa.wiki.aspect.LogAspect                   :55   [32m                  [0;39m è¿œç¨‹åœ°å€: 127.0.0.1
2022-12-15 05:59:40.371 INFO  com.jiawa.wiki.aspect.LogAspect                   :77   [32m                  [0;39m è¯·æ±‚å‚æ•°: [{"page":2,"size":2}]
2022-12-15 05:59:40.371 DEBUG c.j.wiki.mapper.EbookMapper.selectByExample_COUNT :137  [32m                  [0;39m ==>  Preparing: SELECT count(0) FROM ebook
2022-12-15 05:59:40.372 DEBUG c.j.wiki.mapper.EbookMapper.selectByExample_COUNT :137  [32m                  [0;39m ==> Parameters: 
2022-12-15 05:59:40.385 TRACE c.j.wiki.mapper.EbookMapper.selectByExample_COUNT :143  [32m                  [0;39m <==    Columns: count(0)
2022-12-15 05:59:40.385 TRACE c.j.wiki.mapper.EbookMapper.selectByExample_COUNT :143  [32m                  [0;39m <==        Row: 3
2022-12-15 05:59:40.386 DEBUG c.j.wiki.mapper.EbookMapper.selectByExample_COUNT :137  [32m                  [0;39m <==      Total: 1
2022-12-15 05:59:40.386 DEBUG com.jiawa.wiki.mapper.EbookMapper.selectByExample :137  [32m                  [0;39m ==>  Preparing: select id, `name`, category1_id, category2_id, description, cover, doc_count, view_count, vote_count from ebook LIMIT ?, ?
2022-12-15 05:59:40.386 DEBUG com.jiawa.wiki.mapper.EbookMapper.selectByExample :137  [32m                  [0;39m ==> Parameters: 2(Integer), 2(Integer)
2022-12-15 05:59:40.402 TRACE com.jiawa.wiki.mapper.EbookMapper.selectByExample :143  [32m                  [0;39m <==    Columns: id, name, category1_id, category2_id, description, cover, doc_count, view_count, vote_count
2022-12-15 05:59:40.402 TRACE com.jiawa.wiki.mapper.EbookMapper.selectByExample :143  [32m                  [0;39m <==        Row: 257502782024716288, 007, 7, 7, null, 007, null, null, null
2022-12-15 05:59:40.403 DEBUG com.jiawa.wiki.mapper.EbookMapper.selectByExample :137  [32m                  [0;39m <==      Total: 1
2022-12-15 05:59:40.403 INFO  com.jiawa.wiki.service.EbookService               :42   [32m                  [0;39m æ€»è¡Œæ•°ï¼š3
2022-12-15 05:59:40.403 INFO  com.jiawa.wiki.service.EbookService               :43   [32m                  [0;39m æ€»é¡µæ•°ï¼š2
2022-12-15 05:59:40.404 INFO  com.jiawa.wiki.aspect.LogAspect                   :89   [32m                  [0;39m è¿”å›žç»“æžœ: {"content":{"list":[{"category1Id":7,"category2Id":7,"id":257502782024716288,"name":"007"}],"total":3},"success":true}
2022-12-15 05:59:40.404 INFO  com.jiawa.wiki.aspect.LogAspect                   :90   [32m                  [0;39m ------------- ç»“æŸ è€—æ—¶ï¼š34 ms -------------
2022-12-15 05:59:42.608 INFO  com.jiawa.wiki.aspect.LogAspect                   :52   [32m                  [0;39m ------------- å¼€å§‹ -------------
2022-12-15 05:59:42.609 INFO  com.jiawa.wiki.aspect.LogAspect                   :53   [32m                  [0;39m è¯·æ±‚åœ°å€: http://127.0.0.1:8880/ebook/list GET
2022-12-15 05:59:42.609 INFO  com.jiawa.wiki.aspect.LogAspect                   :54   [32m                  [0;39m ç±»åæ–¹æ³•: com.jiawa.wiki.controller.EbookController.list
2022-12-15 05:59:42.609 INFO  com.jiawa.wiki.aspect.LogAspect                   :55   [32m                  [0;39m è¿œç¨‹åœ°å€: 127.0.0.1
2022-12-15 05:59:42.609 INFO  com.jiawa.wiki.aspect.LogAspect                   :77   [32m                  [0;39m è¯·æ±‚å‚æ•°: [{"page":1,"size":2}]
2022-12-15 05:59:42.642 DEBUG c.j.wiki.mapper.EbookMapper.selectByExample_COUNT :137  [32m                  [0;39m ==>  Preparing: SELECT count(0) FROM ebook
2022-12-15 05:59:42.642 DEBUG c.j.wiki.mapper.EbookMapper.selectByExample_COUNT :137  [32m                  [0;39m ==> Parameters: 
2022-12-15 05:59:42.652 TRACE c.j.wiki.mapper.EbookMapper.selectByExample_COUNT :143  [32m                  [0;39m <==    Columns: count(0)
2022-12-15 05:59:42.652 TRACE c.j.wiki.mapper.EbookMapper.selectByExample_COUNT :143  [32m                  [0;39m <==        Row: 3
2022-12-15 05:59:42.653 DEBUG c.j.wiki.mapper.EbookMapper.selectByExample_COUNT :137  [32m                  [0;39m <==      Total: 1
2022-12-15 05:59:42.653 DEBUG com.jiawa.wiki.mapper.EbookMapper.selectByExample :137  [32m                  [0;39m ==>  Preparing: select id, `name`, category1_id, category2_id, description, cover, doc_count, view_count, vote_count from ebook LIMIT ?
2022-12-15 05:59:42.653 DEBUG com.jiawa.wiki.mapper.EbookMapper.selectByExample :137  [32m                  [0;39m ==> Parameters: 2(Integer)
2022-12-15 05:59:42.669 TRACE com.jiawa.wiki.mapper.EbookMapper.selectByExample :143  [32m                  [0;39m <==    Columns: id, name, category1_id, category2_id, description, cover, doc_count, view_count, vote_count
2022-12-15 05:59:42.669 TRACE com.jiawa.wiki.mapper.EbookMapper.selectByExample :143  [32m                  [0;39m <==        Row: 1, js, 10011, 101, jsæ˜¯ä¸€ç§å…·æœ‰å‡½æ•°ä¼˜å…ˆçš„è½»é‡çº§, null, 5, 6, 7
2022-12-15 05:59:42.669 TRACE com.jiawa.wiki.mapper.EbookMapper.selectByExample :143  [32m                  [0;39m <==        Row: 3, c++, 200, 201, C++rumen, image/cover2.png, null, null, null
2022-12-15 05:59:42.670 DEBUG com.jiawa.wiki.mapper.EbookMapper.selectByExample :137  [32m                  [0;39m <==      Total: 2
2022-12-15 05:59:42.670 INFO  com.jiawa.wiki.service.EbookService               :42   [32m                  [0;39m æ€»è¡Œæ•°ï¼š3
2022-12-15 05:59:42.670 INFO  com.jiawa.wiki.service.EbookService               :43   [32m                  [0;39m æ€»é¡µæ•°ï¼š2
2022-12-15 05:59:42.670 INFO  com.jiawa.wiki.aspect.LogAspect                   :89   [32m                  [0;39m è¿”å›žç»“æžœ: {"content":{"list":[{"category1Id":10011,"category2Id":101,"description":"jsæ˜¯ä¸€ç§å…·æœ‰å‡½æ•°ä¼˜å…ˆçš„è½»é‡çº§","docCount":5,"id":1,"name":"js","viewCount":6,"voteCount":7},{"category1Id":200,"category2Id":201,"description":"C++rumen","id":3,"name":"c++"}],"total":3},"success":true}
2022-12-15 05:59:42.670 INFO  com.jiawa.wiki.aspect.LogAspect                   :90   [32m                  [0;39m ------------- ç»“æŸ è€—æ—¶ï¼š62 ms -------------
2022-12-15 09:30:08.660 WARN  com.zaxxer.hikari.pool.HikariPool                 :787  [32m                  [0;39m HikariPool-1 - Thread starvation or clock leap detected (housekeeper delta=21m25s447ms699Âµs200ns).
2022-12-15 17:03:33.556 INFO  o.s.scheduling.concurrent.ThreadPoolTaskExecutor  :218  [32m                  [0;39m Shutting down ExecutorService 'applicationTaskExecutor'
2022-12-15 17:03:33.581 INFO  com.zaxxer.hikari.HikariDataSource                :350  [32m                  [0;39m HikariPool-1 - Shutdown initiated...
2022-12-15 17:03:33.584 INFO  com.zaxxer.hikari.HikariDataSource                :352  [32m                  [0;39m HikariPool-1 - Shutdown completed.
