2022-11-21 00:02:48.313 INFO  com.jiawa.wiki.config.WikiApplication             :55   [32m                  [0;39m Starting WikiApplication using Java 1.8.0_341 on MSI with PID 6468 (C:\Project\221107\wiki\target\classes started by 85441 in C:\Project\221107\wiki)
2022-11-21 00:02:48.311 INFO  org.hibernate.validator.internal.util.Version     :21   [32m                  [0;39m HV000001: Hibernate Validator 6.1.6.Final
2022-11-21 00:02:48.315 INFO  com.jiawa.wiki.config.WikiApplication             :660  [32m                  [0;39m No active profile set, falling back to default profiles: default
2022-11-21 00:02:48.348 INFO  o.s.b.d.env.DevToolsPropertyDefaultsPostProcessor :255  [32m                  [0;39m Devtools property defaults active! Set 'spring.devtools.add-properties' to 'false' to disable
2022-11-21 00:02:48.349 INFO  o.s.b.d.env.DevToolsPropertyDefaultsPostProcessor :255  [32m                  [0;39m For additional web related logging consider setting the 'logging.level.web' property to 'DEBUG'
2022-11-21 00:02:48.865 INFO  o.s.d.r.config.RepositoryConfigurationDelegate    :250  [32m                  [0;39m Multiple Spring Data modules found, entering strict repository configuration mode!
2022-11-21 00:02:48.867 INFO  o.s.d.r.config.RepositoryConfigurationDelegate    :128  [32m                  [0;39m Bootstrapping Spring Data Redis repositories in DEFAULT mode.
2022-11-21 00:02:48.887 INFO  o.s.d.r.config.RepositoryConfigurationDelegate    :188  [32m                  [0;39m Finished Spring Data repository scanning in 5 ms. Found 0 Redis repository interfaces.
2022-11-21 00:02:49.480 INFO  o.s.boot.web.embedded.tomcat.TomcatWebServer      :108  [32m                  [0;39m Tomcat initialized with port(s): 8880 (http)
2022-11-21 00:02:49.485 INFO  org.apache.coyote.http11.Http11NioProtocol        :173  [32m                  [0;39m Initializing ProtocolHandler ["http-nio-8880"]
2022-11-21 00:02:49.486 INFO  org.apache.catalina.core.StandardService          :173  [32m                  [0;39m Starting service [Tomcat]
2022-11-21 00:02:49.486 INFO  org.apache.catalina.core.StandardEngine           :173  [32m                  [0;39m Starting Servlet engine: [Apache Tomcat/9.0.39]
2022-11-21 00:02:49.529 INFO  o.a.c.core.ContainerBase.[Tomcat].[localhost].[/] :173  [32m                  [0;39m Initializing Spring embedded WebApplicationContext
2022-11-21 00:02:49.529 INFO  o.s.b.w.s.c.ServletWebServerApplicationContext    :289  [32m                  [0;39m Root WebApplicationContext: initialization completed in 1180 ms
2022-11-21 00:02:50.041 INFO  o.s.scheduling.concurrent.ThreadPoolTaskExecutor  :181  [32m                  [0;39m Initializing ExecutorService 'applicationTaskExecutor'
2022-11-21 00:02:50.313 INFO  o.s.b.d.autoconfigure.OptionalLiveReloadServer    :58   [32m                  [0;39m LiveReload server is running on port 35729
2022-11-21 00:02:50.323 INFO  org.apache.coyote.http11.Http11NioProtocol        :173  [32m                  [0;39m Starting ProtocolHandler ["http-nio-8880"]
2022-11-21 00:02:50.335 INFO  o.s.boot.web.embedded.tomcat.TomcatWebServer      :220  [32m                  [0;39m Tomcat started on port(s): 8880 (http) with context path ''
2022-11-21 00:02:50.342 INFO  com.jiawa.wiki.config.WikiApplication             :61   [32m                  [0;39m Started WikiApplication in 2.291 seconds (JVM running for 2.917)
2022-11-21 00:02:50.344 INFO  com.jiawa.wiki.config.WikiApplication             :25   [32m                  [0;39m å¯åŠ¨æˆåŠŸï¼ï¼
2022-11-21 00:02:50.344 INFO  com.jiawa.wiki.config.WikiApplication             :26   [32m                  [0;39m åœ°å€: 	http://127.0.0.1:8880
2022-11-21 00:02:57.633 INFO  o.a.c.core.ContainerBase.[Tomcat].[localhost].[/] :173  [32m                  [0;39m Initializing Spring DispatcherServlet 'dispatcherServlet'
2022-11-21 00:02:57.633 INFO  org.springframework.web.servlet.DispatcherServlet :525  [32m                  [0;39m Initializing Servlet 'dispatcherServlet'
2022-11-21 00:02:57.634 INFO  org.springframework.web.servlet.DispatcherServlet :547  [32m                  [0;39m Completed initialization in 1 ms
2022-11-21 00:02:57.667 INFO  com.jiawa.wiki.aspect.LogAspect                   :52   [32m                  [0;39m ------------- å¼€å§‹ -------------
2022-11-21 00:02:57.667 INFO  com.jiawa.wiki.aspect.LogAspect                   :53   [32m                  [0;39m è¯·æ±‚åœ°å€: http://127.0.0.1:8880/ebook/list GET
2022-11-21 00:02:57.668 INFO  com.jiawa.wiki.aspect.LogAspect                   :54   [32m                  [0;39m ç±»åæ–¹æ³•: com.jiawa.wiki.controller.EbookController.list
2022-11-21 00:02:57.668 INFO  com.jiawa.wiki.aspect.LogAspect                   :55   [32m                  [0;39m è¿œç¨‹åœ°å€: 127.0.0.1
2022-11-21 00:02:57.709 INFO  com.jiawa.wiki.aspect.LogAspect                   :77   [32m                  [0;39m è¯·æ±‚å‚æ•°: [{"page":0,"size":0}]
2022-11-21 00:02:57.738 INFO  com.zaxxer.hikari.HikariDataSource                :110  [32m                  [0;39m HikariPool-1 - Starting...
2022-11-21 00:02:58.033 INFO  com.zaxxer.hikari.HikariDataSource                :123  [32m                  [0;39m HikariPool-1 - Start completed.
2022-11-21 00:02:58.059 DEBUG c.j.wiki.mapper.EbookMapper.selectByExample_COUNT :137  [32m                  [0;39m ==>  Preparing: SELECT count(0) FROM ebook
2022-11-21 00:02:58.074 DEBUG c.j.wiki.mapper.EbookMapper.selectByExample_COUNT :137  [32m                  [0;39m ==> Parameters: 
2022-11-21 00:02:58.094 TRACE c.j.wiki.mapper.EbookMapper.selectByExample_COUNT :143  [32m                  [0;39m <==    Columns: count(0)
2022-11-21 00:02:58.095 TRACE c.j.wiki.mapper.EbookMapper.selectByExample_COUNT :143  [32m                  [0;39m <==        Row: 3
2022-11-21 00:02:58.096 DEBUG c.j.wiki.mapper.EbookMapper.selectByExample_COUNT :137  [32m                  [0;39m <==      Total: 1
2022-11-21 00:02:58.097 DEBUG com.jiawa.wiki.mapper.EbookMapper.selectByExample :137  [32m                  [0;39m ==>  Preparing: select id, `name`, category1_id, category2_id, description, cover, doc_count, view_count, vote_count from ebook
2022-11-21 00:02:58.097 DEBUG com.jiawa.wiki.mapper.EbookMapper.selectByExample :137  [32m                  [0;39m ==> Parameters: 
2022-11-21 00:02:58.106 TRACE com.jiawa.wiki.mapper.EbookMapper.selectByExample :143  [32m                  [0;39m <==    Columns: id, name, category1_id, category2_id, description, cover, doc_count, view_count, vote_count
2022-11-21 00:02:58.106 TRACE com.jiawa.wiki.mapper.EbookMapper.selectByExample :143  [32m                  [0;39m <==        Row: 1, js, 1001, 101, jsæ˜¯ä¸€ç§å…·æœ‰å‡½æ•°ä¼˜å…ˆçš„è½»é‡çº§, image/cover1.png, 5, 6, 7
2022-11-21 00:02:58.107 TRACE com.jiawa.wiki.mapper.EbookMapper.selectByExample :143  [32m                  [0;39m <==        Row: 2, Ts, 200, 202, tsç½‘æ™¯å¯¼èˆªè€…æµè§ˆå™¨ä¸Šé¦–æ¬¡è®¾è®¡å®žçŽ°è€Œæˆ, image/cover2.png, 7, 8, 9
2022-11-21 00:02:58.107 TRACE com.jiawa.wiki.mapper.EbookMapper.selectByExample :143  [32m                  [0;39m <==        Row: 3, c++, 200, 201, C++rumen, image/cover2.png, null, null, null
2022-11-21 00:02:58.108 DEBUG com.jiawa.wiki.mapper.EbookMapper.selectByExample :137  [32m                  [0;39m <==      Total: 3
2022-11-21 00:02:58.109 INFO  com.jiawa.wiki.service.EbookService               :42   [32m                  [0;39m æ€»è¡Œæ•°ï¼š3
2022-11-21 00:02:58.109 INFO  com.jiawa.wiki.service.EbookService               :43   [32m                  [0;39m æ€»é¡µæ•°ï¼š0
2022-11-21 00:02:58.117 INFO  com.jiawa.wiki.aspect.LogAspect                   :89   [32m                  [0;39m è¿”å›žç»“æžœ: {"content":{"list":[{"category1Id":1001,"category2Id":101,"description":"jsæ˜¯ä¸€ç§å…·æœ‰å‡½æ•°ä¼˜å…ˆçš„è½»é‡çº§","docCount":5,"id":1,"name":"js","viewCount":6,"voteCount":7},{"category1Id":200,"category2Id":202,"description":"tsç½‘æ™¯å¯¼èˆªè€…æµè§ˆå™¨ä¸Šé¦–æ¬¡è®¾è®¡å®žçŽ°è€Œæˆ","docCount":7,"id":2,"name":"Ts","viewCount":8,"voteCount":9},{"category1Id":200,"category2Id":201,"description":"C++rumen","id":3,"name":"c++"}],"total":3},"success":true}
2022-11-21 00:02:58.117 INFO  com.jiawa.wiki.aspect.LogAspect                   :90   [32m                  [0;39m ------------- ç»“æŸ è€—æ—¶ï¼š451 ms -------------
2022-11-21 00:05:30.820 INFO  o.s.scheduling.concurrent.ThreadPoolTaskExecutor  :218  [32m                  [0;39m Shutting down ExecutorService 'applicationTaskExecutor'
2022-11-21 00:05:30.830 INFO  com.zaxxer.hikari.HikariDataSource                :350  [32m                  [0;39m HikariPool-1 - Shutdown initiated...
2022-11-21 00:05:30.834 INFO  com.zaxxer.hikari.HikariDataSource                :352  [32m                  [0;39m HikariPool-1 - Shutdown completed.
2022-11-21 00:05:32.777 INFO  com.jiawa.wiki.config.WikiApplication             :55   [32m                  [0;39m Starting WikiApplication using Java 1.8.0_341 on MSI with PID 15760 (C:\Project\221107\wiki\target\classes started by 85441 in C:\Project\221107\wiki)
2022-11-21 00:05:32.776 INFO  org.hibernate.validator.internal.util.Version     :21   [32m                  [0;39m HV000001: Hibernate Validator 6.1.6.Final
2022-11-21 00:05:32.779 INFO  com.jiawa.wiki.config.WikiApplication             :660  [32m                  [0;39m No active profile set, falling back to default profiles: default
2022-11-21 00:05:32.811 INFO  o.s.b.d.env.DevToolsPropertyDefaultsPostProcessor :255  [32m                  [0;39m Devtools property defaults active! Set 'spring.devtools.add-properties' to 'false' to disable
2022-11-21 00:05:32.811 INFO  o.s.b.d.env.DevToolsPropertyDefaultsPostProcessor :255  [32m                  [0;39m For additional web related logging consider setting the 'logging.level.web' property to 'DEBUG'
2022-11-21 00:05:33.278 INFO  o.s.d.r.config.RepositoryConfigurationDelegate    :250  [32m                  [0;39m Multiple Spring Data modules found, entering strict repository configuration mode!
2022-11-21 00:05:33.279 INFO  o.s.d.r.config.RepositoryConfigurationDelegate    :128  [32m                  [0;39m Bootstrapping Spring Data Redis repositories in DEFAULT mode.
2022-11-21 00:05:33.295 INFO  o.s.d.r.config.RepositoryConfigurationDelegate    :188  [32m                  [0;39m Finished Spring Data repository scanning in 4 ms. Found 0 Redis repository interfaces.
2022-11-21 00:05:33.832 INFO  o.s.boot.web.embedded.tomcat.TomcatWebServer      :108  [32m                  [0;39m Tomcat initialized with port(s): 8880 (http)
2022-11-21 00:05:33.839 INFO  org.apache.coyote.http11.Http11NioProtocol        :173  [32m                  [0;39m Initializing ProtocolHandler ["http-nio-8880"]
2022-11-21 00:05:33.840 INFO  org.apache.catalina.core.StandardService          :173  [32m                  [0;39m Starting service [Tomcat]
2022-11-21 00:05:33.840 INFO  org.apache.catalina.core.StandardEngine           :173  [32m                  [0;39m Starting Servlet engine: [Apache Tomcat/9.0.39]
2022-11-21 00:05:33.885 INFO  o.a.c.core.ContainerBase.[Tomcat].[localhost].[/] :173  [32m                  [0;39m Initializing Spring embedded WebApplicationContext
2022-11-21 00:05:33.886 INFO  o.s.b.w.s.c.ServletWebServerApplicationContext    :289  [32m                  [0;39m Root WebApplicationContext: initialization completed in 1074 ms
2022-11-21 00:05:34.381 INFO  o.s.scheduling.concurrent.ThreadPoolTaskExecutor  :181  [32m                  [0;39m Initializing ExecutorService 'applicationTaskExecutor'
2022-11-21 00:05:34.695 INFO  o.s.b.d.autoconfigure.OptionalLiveReloadServer    :58   [32m                  [0;39m LiveReload server is running on port 35729
2022-11-21 00:05:34.710 INFO  org.apache.coyote.http11.Http11NioProtocol        :173  [32m                  [0;39m Starting ProtocolHandler ["http-nio-8880"]
2022-11-21 00:05:34.724 INFO  o.s.boot.web.embedded.tomcat.TomcatWebServer      :220  [32m                  [0;39m Tomcat started on port(s): 8880 (http) with context path ''
2022-11-21 00:05:34.732 INFO  com.jiawa.wiki.config.WikiApplication             :61   [32m                  [0;39m Started WikiApplication in 2.219 seconds (JVM running for 2.856)
2022-11-21 00:05:34.734 INFO  com.jiawa.wiki.config.WikiApplication             :25   [32m                  [0;39m å¯åŠ¨æˆåŠŸï¼ï¼
2022-11-21 00:05:34.735 INFO  com.jiawa.wiki.config.WikiApplication             :26   [32m                  [0;39m åœ°å€: 	http://127.0.0.1:8880
2022-11-21 00:05:38.543 INFO  o.a.c.core.ContainerBase.[Tomcat].[localhost].[/] :173  [32m                  [0;39m Initializing Spring DispatcherServlet 'dispatcherServlet'
2022-11-21 00:05:38.544 INFO  org.springframework.web.servlet.DispatcherServlet :525  [32m                  [0;39m Initializing Servlet 'dispatcherServlet'
2022-11-21 00:05:38.545 INFO  org.springframework.web.servlet.DispatcherServlet :547  [32m                  [0;39m Completed initialization in 1 ms
2022-11-21 00:05:42.572 INFO  com.jiawa.wiki.aspect.LogAspect                   :52   [32m                  [0;39m ------------- å¼€å§‹ -------------
2022-11-21 00:05:42.573 INFO  com.jiawa.wiki.aspect.LogAspect                   :53   [32m                  [0;39m è¯·æ±‚åœ°å€: http://127.0.0.1:8880/ebook/list GET
2022-11-21 00:05:42.574 INFO  com.jiawa.wiki.aspect.LogAspect                   :54   [32m                  [0;39m ç±»åæ–¹æ³•: com.jiawa.wiki.controller.EbookController.list
2022-11-21 00:05:42.574 INFO  com.jiawa.wiki.aspect.LogAspect                   :55   [32m                  [0;39m è¿œç¨‹åœ°å€: 127.0.0.1
2022-11-21 00:05:42.623 INFO  com.jiawa.wiki.aspect.LogAspect                   :77   [32m                  [0;39m è¯·æ±‚å‚æ•°: [{"page":0,"size":0}]
2022-11-21 00:05:42.654 INFO  com.zaxxer.hikari.HikariDataSource                :110  [32m                  [0;39m HikariPool-1 - Starting...
2022-11-21 00:05:42.921 INFO  com.zaxxer.hikari.HikariDataSource                :123  [32m                  [0;39m HikariPool-1 - Start completed.
2022-11-21 00:05:42.947 DEBUG c.j.wiki.mapper.EbookMapper.selectByExample_COUNT :137  [32m                  [0;39m ==>  Preparing: SELECT count(0) FROM ebook
2022-11-21 00:05:42.961 DEBUG c.j.wiki.mapper.EbookMapper.selectByExample_COUNT :137  [32m                  [0;39m ==> Parameters: 
2022-11-21 00:05:42.979 TRACE c.j.wiki.mapper.EbookMapper.selectByExample_COUNT :143  [32m                  [0;39m <==    Columns: count(0)
2022-11-21 00:05:42.979 TRACE c.j.wiki.mapper.EbookMapper.selectByExample_COUNT :143  [32m                  [0;39m <==        Row: 3
2022-11-21 00:05:42.980 DEBUG c.j.wiki.mapper.EbookMapper.selectByExample_COUNT :137  [32m                  [0;39m <==      Total: 1
2022-11-21 00:05:42.982 DEBUG com.jiawa.wiki.mapper.EbookMapper.selectByExample :137  [32m                  [0;39m ==>  Preparing: select id, `name`, category1_id, category2_id, description, cover, doc_count, view_count, vote_count from ebook
2022-11-21 00:05:42.982 DEBUG com.jiawa.wiki.mapper.EbookMapper.selectByExample :137  [32m                  [0;39m ==> Parameters: 
2022-11-21 00:05:42.988 TRACE com.jiawa.wiki.mapper.EbookMapper.selectByExample :143  [32m                  [0;39m <==    Columns: id, name, category1_id, category2_id, description, cover, doc_count, view_count, vote_count
2022-11-21 00:05:42.988 TRACE com.jiawa.wiki.mapper.EbookMapper.selectByExample :143  [32m                  [0;39m <==        Row: 1, js, 1001, 101, jsæ˜¯ä¸€ç§å…·æœ‰å‡½æ•°ä¼˜å…ˆçš„è½»é‡çº§, image/cover1.png, 5, 6, 7
2022-11-21 00:05:42.989 TRACE com.jiawa.wiki.mapper.EbookMapper.selectByExample :143  [32m                  [0;39m <==        Row: 2, Ts, 200, 202, tsç½‘æ™¯å¯¼èˆªè€…æµè§ˆå™¨ä¸Šé¦–æ¬¡è®¾è®¡å®žçŽ°è€Œæˆ, image/cover2.png, 7, 8, 9
2022-11-21 00:05:42.989 TRACE com.jiawa.wiki.mapper.EbookMapper.selectByExample :143  [32m                  [0;39m <==        Row: 3, c++, 200, 201, C++rumen, image/cover2.png, null, null, null
2022-11-21 00:05:42.989 DEBUG com.jiawa.wiki.mapper.EbookMapper.selectByExample :137  [32m                  [0;39m <==      Total: 3
2022-11-21 00:05:42.991 INFO  com.jiawa.wiki.service.EbookService               :42   [32m                  [0;39m æ€»è¡Œæ•°ï¼š3
2022-11-21 00:05:42.991 INFO  com.jiawa.wiki.service.EbookService               :43   [32m                  [0;39m æ€»é¡µæ•°ï¼š0
2022-11-21 00:05:42.999 INFO  com.jiawa.wiki.aspect.LogAspect                   :89   [32m                  [0;39m è¿”å›žç»“æžœ: {"content":{"list":[{"category1Id":1001,"category2Id":101,"description":"jsæ˜¯ä¸€ç§å…·æœ‰å‡½æ•°ä¼˜å…ˆçš„è½»é‡çº§","docCount":5,"id":1,"name":"js","viewCount":6,"voteCount":7},{"category1Id":200,"category2Id":202,"description":"tsç½‘æ™¯å¯¼èˆªè€…æµè§ˆå™¨ä¸Šé¦–æ¬¡è®¾è®¡å®žçŽ°è€Œæˆ","docCount":7,"id":2,"name":"Ts","viewCount":8,"voteCount":9},{"category1Id":200,"category2Id":201,"description":"C++rumen","id":3,"name":"c++"}],"total":3},"success":true}
2022-11-21 00:05:43.000 INFO  com.jiawa.wiki.aspect.LogAspect                   :90   [32m                  [0;39m ------------- ç»“æŸ è€—æ—¶ï¼š429 ms -------------
2022-11-21 00:14:16.540 INFO  o.s.scheduling.concurrent.ThreadPoolTaskExecutor  :218  [32m                  [0;39m Shutting down ExecutorService 'applicationTaskExecutor'
2022-11-21 00:14:16.551 INFO  com.zaxxer.hikari.HikariDataSource                :350  [32m                  [0;39m HikariPool-1 - Shutdown initiated...
2022-11-21 00:14:16.577 INFO  com.zaxxer.hikari.HikariDataSource                :352  [32m                  [0;39m HikariPool-1 - Shutdown completed.
